#
# A fatal error has been detected by the Java Runtime Environment:
#
#  EXCEPTION_ACCESS_VIOLATION (0xc0000005) at pc=0x00007ff877e668d7, pid=9704, tid=13912
#
# JRE version: Java(TM) SE Runtime Environment (17.0.11+7) (build 17.0.11+7-LTS-207)
# Java VM: Java HotSpot(TM) 64-Bit Server VM (17.0.11+7-LTS-207, mixed mode, sharing, tiered, compressed oops, compressed class ptrs, g1 gc, windows-amd64)
# Problematic frame:
# C  [glass.dll+0x268d7]
#
# No core dump will be written. Minidumps are not enabled by default on client versions of Windows
#
# If you would like to submit a bug report, please visit:
#   https://bugreport.java.com/bugreport/crash.jsp
#

---------------  S U M M A R Y ------------

Command Line: -agentlib:jdwp=transport=dt_socket,address=127.0.0.1:56411,suspend=y,server=n --add-exports=javafx.base/com.sun.javafx.event=ALL-UNNAMED --module-path=javafx-sdk-17.0.12\lib --add-modules=javafx.controls,javafx.fxml -javaagent:C:\Users\tga\AppData\Local\JetBrains\IdeaIC2024.2\captureAgent\debugger-agent.jar -Dkotlinx.coroutines.debug.enable.creation.stack.trace=false -Ddebugger.agent.enable.coroutines=true -Dfile.encoding=UTF-8 com.xdf.xd_f371.MainApplicationApp

Host: Intel(R) Core(TM) i5-8250U CPU @ 1.60GHz, 8 cores, 11G,  Windows 10 , 64 bit Build 19041 (10.0.19041.5198)
Time: Thu Jan 16 20:08:24 2025 SE Asia Standard Time elapsed time: 2248.446684 seconds (0d 0h 37m 28s)

---------------  T H R E A D  ---------------

Current thread (0x000001b671d686b0):  VMThread "VM Thread" [stack: 0x00000079b2400000,0x00000079b2500000] [id=13912]

Stack: [0x00000079b2400000,0x00000079b2500000],  sp=0x00000079b24fee50,  free space=1019k
Native frames: (J=compiled Java code, j=interpreted, Vv=VM code, C=native code)
C  [glass.dll+0x268d7]


siginfo: EXCEPTION_ACCESS_VIOLATION (0xc0000005), reading address 0x0000000000000000


Registers:
RAX=0x0000000000000000, RBX=0x000001b671d77ac0, RCX=0x000001b671d686b0, RDX=0x00000079b24fee50
RSP=0x00000079b24fee50, RBP=0x000001b67672c048, RSI=0x000001b67672c020, RDI=0x00005067530b4bbc
R8 =0x0000000000010002, R9 =0x00005067530b4bbc, R10=0x0000000000008000, R11=0x00000079b24fede0
R12=0x00007ff877e64220, R13=0x00007ff8391d3240, R14=0x00000079b24fef48, R15=0x000001b67672c020
RIP=0x00007ff877e668d7, EFLAGS=0x0000000000010206


Register to memory mapping:

RIP=0x00007ff877e668d7 glass.dll
RAX=0x0 is NULL
RBX=0x000001b671d77ac0 is a global jni handle
RCX=0x000001b671d686b0 points into unknown readable memory: 0x00007ff839017fd8 | d8 7f 01 39 f8 7f 00 00
RDX=0x00000079b24fee50 points into unknown readable memory: 0x0000000000000000 | 00 00 00 00 00 00 00 00
RSP=0x00000079b24fee50 points into unknown readable memory: 0x0000000000000000 | 00 00 00 00 00 00 00 00
RBP=0x000001b67672c048 points into unknown readable memory: 0x00005067530b4bbc | bc 4b 0b 53 67 50 00 00
RSI=0x000001b67672c020 points into unknown readable memory: 0x80005798d475286f | 6f 28 75 d4 98 57 00 80
RDI=0x00005067530b4bbc is an unknown value
R8 =0x0000000000010002 is an unknown value
R9 =0x00005067530b4bbc is an unknown value
R10=0x0000000000008000 is an unknown value
R11=0x00000079b24fede0 points into unknown readable memory: 0x000001b67672c020 | 20 c0 72 76 b6 01 00 00
R12=0x00007ff877e64220 glass.dll
R13=0x00007ff8391d3240 jvm.dll
R14=0x00000079b24fef48 points into unknown readable memory: 0x00000079b24fef30 | 30 ef 4f b2 79 00 00 00
R15=0x000001b67672c020 points into unknown readable memory: 0x80005798d475286f | 6f 28 75 d4 98 57 00 80


Top of Stack: (sp=0x00000079b24fee50)
0x00000079b24fee50:   0000000000000000 000001b67672c020
0x00000079b24fee60:   00007ff8391d3240 00007ff877e64220
0x00000079b24fee70:   000001b67672c028 00007ff89a4942d6
0x00000079b24fee80:   00005067530b4bbc 000001b600000000
0x00000079b24fee90:   000001b67672c048 000001b67672c020
0x00000079b24feea0:   fffffffffffffffe 0000000000000000
0x00000079b24feeb0:   0000000000000001 00007ff877e40000
0x00000079b24feec0:   00000079b24fef38 00007ff89a4941fb
0x00000079b24feed0:   0000000000000000 00000079b24fef48
0x00000079b24feee0:   00000079b24ff220 00007ff89a570e40
0x00000079b24feef0:   0000000000000001 00007ff89a4941b4
0x00000079b24fef00:   0000000000000000 0000000000000001
0x00000079b24fef10:   00007ff88c042dd0 00000079b24fef38
0x00000079b24fef20:   00007ff80000000d 00007ff877e640ad
0x00000079b24fef30:   00007ff877e7a008 00007ff800000002
0x00000079b24fef40:   0000000000000002 00000079b24fef30 

Instructions: (pc=0x00007ff877e668d7)
0x00007ff877e667d7:   8b 4d 58 e8 8d cf ff ff 48 8b 4d 60 e8 84 cf ff
0x00007ff877e667e7:   ff 48 8b 95 80 00 00 00 48 8b 8d 18 01 00 00 e8
0x00007ff877e667f7:   76 c4 ff ff 33 d2 33 c9 e8 cc e1 ff ff 90 48 89
0x00007ff877e66807:   54 24 10 55 48 83 ec 20 48 8b ea 48 b8 00 00 00
0x00007ff877e66817:   00 00 00 00 00 48 83 c4 20 5d c3 cc 40 55 48 8b
0x00007ff877e66827:   ea 48 8b 01 33 c9 81 38 05 00 00 c0 0f 94 c1 8b
0x00007ff877e66837:   c1 5d c3 cc 40 55 48 83 ec 20 48 8b ea 8a 4d 40
0x00007ff877e66847:   48 83 c4 20 5d e9 73 d3 ff ff cc 40 55 48 83 ec
0x00007ff877e66857:   20 48 8b ea 8a 4d 20 e8 61 d3 ff ff 90 48 83 c4
0x00007ff877e66867:   20 5d c3 cc 40 55 48 83 ec 20 48 8b ea 48 83 c4
0x00007ff877e66877:   20 5d e9 c2 d1 ff ff cc 40 55 48 83 ec 30 48 8b
0x00007ff877e66887:   ea 48 8b 01 8b 10 48 89 4c 24 28 89 54 24 20 4c
0x00007ff877e66897:   8d 0d 63 d6 ff ff 4c 8b 45 70 8b 55 68 48 8b 4d
0x00007ff877e668a7:   60 e8 03 d1 ff ff 90 48 83 c4 30 5d c3 cc cc cc
0x00007ff877e668b7:   cc cc cc cc cc cc cc cc cc 40 53 48 83 ec 20 48
0x00007ff877e668c7:   8b 1d 3b 31 01 00 48 85 db 74 16 e8 89 8b ff ff
0x00007ff877e668d7:   4c 8b 00 48 8b d3 48 8b c8 41 ff 90 b0 00 00 00
0x00007ff877e668e7:   90 48 83 c4 20 5b c3 cc cc 40 53 48 83 ec 20 48
0x00007ff877e668f7:   8b 1d ab 32 01 00 48 85 db 74 57 b8 ff ff ff ff
0x00007ff877e66907:   f0 0f c1 43 10 83 f8 01 75 3d 48 85 db 74 38 48
0x00007ff877e66917:   8b 0b 48 85 c9 74 0d ff 15 84 09 00 00 48 c7 03
0x00007ff877e66927:   00 00 00 00 48 8b 4b 08 48 85 c9 74 0d e8 33 ce
0x00007ff877e66937:   ff ff 48 c7 43 08 00 00 00 00 ba 18 00 00 00 48
0x00007ff877e66947:   8b cb e8 1e ce ff ff 48 c7 05 4f 32 01 00 00 00
0x00007ff877e66957:   00 00 48 83 c4 20 5b c3 cc 40 53 48 83 ec 20 48
0x00007ff877e66967:   8b 1d 1b 32 01 00 48 85 db 74 57 b8 ff ff ff ff
0x00007ff877e66977:   f0 0f c1 43 10 83 f8 01 75 3d 48 85 db 74 38 48
0x00007ff877e66987:   8b 0b 48 85 c9 74 0d ff 15 14 09 00 00 48 c7 03
0x00007ff877e66997:   00 00 00 00 48 8b 4b 08 48 85 c9 74 0d e8 c3 cd
0x00007ff877e669a7:   ff ff 48 c7 43 08 00 00 00 00 ba 18 00 00 00 48
0x00007ff877e669b7:   8b cb e8 ae cd ff ff 48 c7 05 bf 31 01 00 00 00
0x00007ff877e669c7:   00 00 48 83 c4 20 5b c3 cc 40 53 48 83 ec 20 48 


Stack slot to memory mapping:
stack at sp + 0 slots: 0x0 is NULL
stack at sp + 1 slots: 0x000001b67672c020 points into unknown readable memory: 0x80005798d475286f | 6f 28 75 d4 98 57 00 80
stack at sp + 2 slots: 0x00007ff8391d3240 jvm.dll
stack at sp + 3 slots: 0x00007ff877e64220 glass.dll
stack at sp + 4 slots: 0x000001b67672c028 points into unknown readable memory: 0x00005067530b4bbc | bc 4b 0b 53 67 50 00 00
stack at sp + 5 slots: 0x00007ff89a4942d6 ucrtbase.dll
stack at sp + 6 slots: 0x00005067530b4bbc is an unknown value
stack at sp + 7 slots: 0x000001b600000000 is pointing into metadata

VM_Operation (0x00000079b1dff100): Exit, mode: safepoint, requested by thread 0x000001b67c2648b0


---------------  P R O C E S S  ---------------

Threads class SMR info:
_java_thread_list=0x000001b67e9f5fe0, length=23, elements={
0x000001b651689ec0, 0x000001b671d705f0, 0x000001b671d70f90, 0x000001b671d80040,
0x000001b671d81890, 0x000001b671d83d80, 0x000001b671d88270, 0x000001b671d91c80,
0x000001b671d9a260, 0x000001b671da2770, 0x000001b671d5b480, 0x000001b67683eca0,
0x000001b676635550, 0x000001b676843d00, 0x000001b6767540e0, 0x000001b676ba94e0,
0x000001b676ba24a0, 0x000001b641ca66f0, 0x000001b641ca9480, 0x000001b641ca7620,
0x000001b641ca8040, 0x000001b641ca61e0, 0x000001b67c2648b0
}

Java Threads: ( => current thread )
  0x000001b651689ec0 JavaThread "main" [_thread_blocked, id=10772, stack(0x00000079b1e00000,0x00000079b1f00000)]
  0x000001b671d705f0 JavaThread "Reference Handler" daemon [_thread_blocked, id=12832, stack(0x00000079b2500000,0x00000079b2600000)]
  0x000001b671d70f90 JavaThread "Finalizer" daemon [_thread_blocked, id=9780, stack(0x00000079b2600000,0x00000079b2700000)]
  0x000001b671d80040 JavaThread "Signal Dispatcher" daemon [_thread_blocked, id=9700, stack(0x00000079b2700000,0x00000079b2800000)]
  0x000001b671d81890 JavaThread "Attach Listener" daemon [_thread_blocked, id=12784, stack(0x00000079b2800000,0x00000079b2900000)]
  0x000001b671d83d80 JavaThread "Service Thread" daemon [_thread_blocked, id=10984, stack(0x00000079b2900000,0x00000079b2a00000)]
  0x000001b671d88270 JavaThread "Monitor Deflation Thread" daemon [_thread_blocked, id=8080, stack(0x00000079b2a00000,0x00000079b2b00000)]
  0x000001b671d91c80 JavaThread "C2 CompilerThread0" daemon [_thread_blocked, id=13276, stack(0x00000079b2b00000,0x00000079b2c00000)]
  0x000001b671d9a260 JavaThread "C1 CompilerThread0" daemon [_thread_blocked, id=10076, stack(0x00000079b2c00000,0x00000079b2d00000)]
  0x000001b671da2770 JavaThread "Sweeper thread" daemon [_thread_blocked, id=13188, stack(0x00000079b2d00000,0x00000079b2e00000)]
  0x000001b671d5b480 JavaThread "Common-Cleaner" daemon [_thread_blocked, id=13624, stack(0x00000079b2e00000,0x00000079b2f00000)]
  0x000001b67683eca0 JavaThread "JDWP Event Helper Thread" daemon [_thread_blocked, id=3332, stack(0x00000079b3200000,0x00000079b3300000)]
  0x000001b676635550 JavaThread "Notification Thread" daemon [_thread_blocked, id=4792, stack(0x00000079b3400000,0x00000079b3500000)]
  0x000001b676843d00 JavaThread "InvokeLaterDispatcher" daemon [_thread_blocked, id=2604, stack(0x00000079b3700000,0x00000079b3800000)]
  0x000001b6767540e0 JavaThread "JavaFX Application Thread" [_thread_in_native, id=10800, stack(0x00000079b3800000,0x00000079b3900000)]
  0x000001b676ba94e0 JavaThread "JavaFX-Launcher" [_thread_blocked, id=3112, stack(0x00000079b3d00000,0x00000079b3e00000)]
  0x000001b676ba24a0 JavaThread "Thread-2" daemon [_thread_in_native, id=2444, stack(0x00000079b3c00000,0x00000079b3d00000)]
  0x000001b641ca66f0 JavaThread "ScheduledService Delay Timer" daemon [_thread_blocked, id=9004, stack(0x00000079b4600000,0x00000079b4700000)]
  0x000001b641ca9480 JavaThread "Prism Font Disposer" daemon [_thread_blocked, id=10896, stack(0x00000079b4b00000,0x00000079b4c00000)]
  0x000001b641ca7620 JavaThread "Cleaner-0" daemon [_thread_blocked, id=10104, stack(0x00000079b4c00000,0x00000079b4d00000)]
  0x000001b641ca8040 JavaThread "PostgreSQL-JDBC-Cleaner" daemon [_thread_blocked, id=13532, stack(0x00000079b4d00000,0x00000079b4e00000)]
  0x000001b641ca61e0 JavaThread "Timer-0" [_thread_blocked, id=8912, stack(0x00000079b4f00000,0x00000079b5000000)]
  0x000001b67c2648b0 JavaThread "SIGINT handler" daemon [_thread_blocked, id=9784, stack(0x00000079b1d00000,0x00000079b1e00000)]

Other Threads:
=>0x000001b671d686b0 VMThread "VM Thread" [stack: 0x00000079b2400000,0x00000079b2500000] [id=13912]
  0x000001b6516e3380 GCTaskThread "GC Thread#0" [stack: 0x00000079b1f00000,0x00000079b2000000] [id=13588]
  0x000001b676b68060 GCTaskThread "GC Thread#1" [stack: 0x00000079b3e00000,0x00000079b3f00000] [id=3124]
  0x000001b676b6c3d0 GCTaskThread "GC Thread#2" [stack: 0x00000079b3f00000,0x00000079b4000000] [id=8932]
  0x000001b676bfdb20 GCTaskThread "GC Thread#3" [stack: 0x00000079b4000000,0x00000079b4100000] [id=12728]
  0x000001b676b6f100 GCTaskThread "GC Thread#4" [stack: 0x00000079b4100000,0x00000079b4200000] [id=2780]
  0x000001b676b8db40 GCTaskThread "GC Thread#5" [stack: 0x00000079b4200000,0x00000079b4300000] [id=13476]
  0x000001b67bdc7ee0 GCTaskThread "GC Thread#6" [stack: 0x00000079b4300000,0x00000079b4400000] [id=7636]
  0x000001b67be567f0 GCTaskThread "GC Thread#7" [stack: 0x00000079b4400000,0x00000079b4500000] [id=8276]
  0x000001b6516effe0 ConcurrentGCThread "G1 Main Marker" terminated
  0x000001b6516f1910 ConcurrentGCThread "G1 Conc#0" [stack: 0x00000079b2100000,0x00000079b2200000] [id=9844]
  0x000001b67cc19830 ConcurrentGCThread "G1 Conc#1" [stack: 0x00000079b4500000,0x00000079b4600000] [id=5216]
  0x000001b651743ba0 ConcurrentGCThread "G1 Refine#0" terminated
  0x000001b6435510a0 ConcurrentGCThread "G1 Refine#1" terminated
  0x000001b6517440f0 ConcurrentGCThread "G1 Service" terminated

Threads with active compile tasks:
C1 CompilerThread0  
[error occurred during error reporting (printing all threads), id 0xc0000005, EXCEPTION_ACCESS_VIOLATION (0xc0000005) at pc=0x00007ff838e29313]

VM state: at safepoint (shutting down)

VM Mutex/Monitor currently owned by a thread:  ([mutex/lock_event])
[0x000001b651686540] Threads_lock - owner thread: 0x000001b671d686b0
[0x000001b651686b70] Heap_lock - owner thread: 0x000001b67c2648b0

Heap address: 0x0000000742000000, size: 3040 MB, Compressed Oops mode: Zero based, Oop shift amount: 3

CDS archive(s) mapped at: [0x000001b600000000-0x000001b600bd0000-0x000001b600bd0000), size 12386304, SharedBaseAddress: 0x000001b600000000, ArchiveRelocationMode: 1.
Compressed class space mapped at: 0x000001b601000000-0x000001b641000000, reserved size: 1073741824
Narrow klass base: 0x000001b600000000, Narrow klass shift: 0, Narrow klass range: 0x100000000

GC Precious Log:
 CPUs: 8 total, 8 available
 Memory: 12153M
 Large Page Support: Disabled
 NUMA Support: Disabled
 Compressed Oops: Enabled (Zero based)
 Heap Region Size: 2M
 Heap Min Capacity: 8M
 Heap Initial Capacity: 190M
 Heap Max Capacity: 3040M
 Pre-touch: Disabled
 Parallel Workers: 8
 Concurrent Workers: 2
 Concurrent Refinement Workers: 8
 Periodic GC: Disabled

Heap:
 garbage-first heap   total 274432K, used 226293K [0x0000000742000000, 0x0000000800000000)
  region size 2048K, 41 young (83968K), 1 survivors (2048K)
 Metaspace       used 93247K, committed 93952K, reserved 1179648K
  class space    used 12562K, committed 12864K, reserved 1048576K

Heap Regions: E=young(eden), S=young(survivor), O=old, HS=humongous(starts), HC=humongous(continues), CS=collection set, F=free, OA=open archive, CA=closed archive, TAMS=top-at-mark-start (previous, next)
|   0|0x0000000742000000, 0x0000000742200000, 0x0000000742200000|100%| O|  |TAMS 0x0000000742200000, 0x0000000742000000| Untracked 
|   1|0x0000000742200000, 0x0000000742400000, 0x0000000742400000|100%| O|  |TAMS 0x0000000742400000, 0x0000000742200000| Untracked 
|   2|0x0000000742400000, 0x0000000742600000, 0x0000000742600000|100%| O|  |TAMS 0x0000000742600000, 0x0000000742400000| Untracked 
|   3|0x0000000742600000, 0x0000000742800000, 0x0000000742800000|100%| O|  |TAMS 0x0000000742800000, 0x0000000742600000| Untracked 
|   4|0x0000000742800000, 0x0000000742a00000, 0x0000000742a00000|100%| O|  |TAMS 0x0000000742a00000, 0x0000000742800000| Untracked 
|   5|0x0000000742a00000, 0x0000000742c00000, 0x0000000742c00000|100%| O|  |TAMS 0x0000000742c00000, 0x0000000742a00000| Untracked 
|   6|0x0000000742c00000, 0x0000000742e00000, 0x0000000742e00000|100%| O|  |TAMS 0x0000000742e00000, 0x0000000742c00000| Untracked 
|   7|0x0000000742e00000, 0x0000000743000000, 0x0000000743000000|100%| O|  |TAMS 0x0000000743000000, 0x0000000742e00000| Untracked 
|   8|0x0000000743000000, 0x0000000743200000, 0x0000000743200000|100%| O|  |TAMS 0x0000000743200000, 0x0000000743000000| Untracked 
|   9|0x0000000743200000, 0x0000000743400000, 0x0000000743400000|100%| O|  |TAMS 0x0000000743400000, 0x0000000743200000| Untracked 
|  10|0x0000000743400000, 0x0000000743600000, 0x0000000743600000|100%| O|  |TAMS 0x0000000743600000, 0x0000000743400000| Untracked 
|  11|0x0000000743600000, 0x0000000743800000, 0x0000000743800000|100%| O|  |TAMS 0x0000000743800000, 0x0000000743600000| Untracked 
|  12|0x0000000743800000, 0x0000000743a00000, 0x0000000743a00000|100%| O|  |TAMS 0x0000000743a00000, 0x0000000743800000| Untracked 
|  13|0x0000000743a00000, 0x0000000743c00000, 0x0000000743c00000|100%| O|  |TAMS 0x0000000743c00000, 0x0000000743a00000| Untracked 
|  14|0x0000000743c00000, 0x0000000743e00000, 0x0000000743e00000|100%| O|  |TAMS 0x0000000743e00000, 0x0000000743c00000| Untracked 
|  15|0x0000000743e00000, 0x0000000744000000, 0x0000000744000000|100%| O|  |TAMS 0x0000000744000000, 0x0000000743e00000| Untracked 
|  16|0x0000000744000000, 0x0000000744200000, 0x0000000744200000|100%| O|  |TAMS 0x0000000744200000, 0x0000000744000000| Untracked 
|  17|0x0000000744200000, 0x0000000744400000, 0x0000000744400000|100%| O|  |TAMS 0x0000000744400000, 0x0000000744200000| Untracked 
|  18|0x0000000744400000, 0x0000000744600000, 0x0000000744600000|100%| O|  |TAMS 0x0000000744600000, 0x0000000744400000| Untracked 
|  19|0x0000000744600000, 0x0000000744800000, 0x0000000744800000|100%| O|  |TAMS 0x0000000744800000, 0x0000000744600000| Untracked 
|  20|0x0000000744800000, 0x0000000744a00000, 0x0000000744a00000|100%| O|  |TAMS 0x0000000744a00000, 0x0000000744800000| Untracked 
|  21|0x0000000744a00000, 0x0000000744c00000, 0x0000000744c00000|100%|HS|  |TAMS 0x0000000744c00000, 0x0000000744a00000| Complete 
|  22|0x0000000744c00000, 0x0000000744e00000, 0x0000000744e00000|100%|HS|  |TAMS 0x0000000744e00000, 0x0000000744c00000| Complete 
|  23|0x0000000744e00000, 0x0000000745000000, 0x0000000745000000|100%|HS|  |TAMS 0x0000000745000000, 0x0000000744e00000| Complete 
|  24|0x0000000745000000, 0x0000000745200000, 0x0000000745200000|100%| O|  |TAMS 0x0000000745200000, 0x0000000745000000| Untracked 
|  25|0x0000000745200000, 0x0000000745400000, 0x0000000745400000|100%| O|  |TAMS 0x0000000745400000, 0x0000000745200000| Untracked 
|  26|0x0000000745400000, 0x0000000745600000, 0x0000000745600000|100%|HS|  |TAMS 0x0000000745600000, 0x0000000745400000| Complete 
|  27|0x0000000745600000, 0x0000000745800000, 0x0000000745800000|100%|HS|  |TAMS 0x0000000745800000, 0x0000000745600000| Complete 
|  28|0x0000000745800000, 0x0000000745a00000, 0x0000000745a00000|100%|HS|  |TAMS 0x0000000745a00000, 0x0000000745800000| Complete 
|  29|0x0000000745a00000, 0x0000000745c00000, 0x0000000745c00000|100%|HS|  |TAMS 0x0000000745c00000, 0x0000000745a00000| Complete 
|  30|0x0000000745c00000, 0x0000000745e00000, 0x0000000745e00000|100%|HS|  |TAMS 0x0000000745e00000, 0x0000000745c00000| Complete 
|  31|0x0000000745e00000, 0x0000000746000000, 0x0000000746000000|100%| O|  |TAMS 0x0000000746000000, 0x0000000745e00000| Untracked 
|  32|0x0000000746000000, 0x0000000746200000, 0x0000000746200000|100%| O|  |TAMS 0x0000000746200000, 0x0000000746000000| Untracked 
|  33|0x0000000746200000, 0x0000000746400000, 0x0000000746400000|100%|HS|  |TAMS 0x0000000746400000, 0x0000000746200000| Complete 
|  34|0x0000000746400000, 0x0000000746600000, 0x0000000746600000|100%| O|  |TAMS 0x0000000746600000, 0x0000000746400000| Untracked 
|  35|0x0000000746600000, 0x0000000746800000, 0x0000000746800000|100%| O|  |TAMS 0x0000000746800000, 0x0000000746600000| Untracked 
|  36|0x0000000746800000, 0x0000000746a00000, 0x0000000746a00000|100%| O|  |TAMS 0x0000000746a00000, 0x0000000746800000| Untracked 
|  37|0x0000000746a00000, 0x0000000746c00000, 0x0000000746c00000|100%| O|  |TAMS 0x0000000746c00000, 0x0000000746a00000| Untracked 
|  38|0x0000000746c00000, 0x0000000746c00000, 0x0000000746e00000|  0%| F|  |TAMS 0x0000000746c00000, 0x0000000746c00000| Untracked 
|  39|0x0000000746e00000, 0x0000000747000000, 0x0000000747000000|100%| O|  |TAMS 0x0000000747000000, 0x0000000746e00000| Untracked 
|  40|0x0000000747000000, 0x0000000747200000, 0x0000000747200000|100%| O|  |TAMS 0x0000000747200000, 0x0000000747000000| Untracked 
|  41|0x0000000747200000, 0x0000000747400000, 0x0000000747400000|100%| O|  |TAMS 0x0000000747400000, 0x0000000747200000| Untracked 
|  42|0x0000000747400000, 0x0000000747600000, 0x0000000747600000|100%| O|  |TAMS 0x0000000747600000, 0x0000000747400000| Untracked 
|  43|0x0000000747600000, 0x0000000747800000, 0x0000000747800000|100%| O|  |TAMS 0x0000000747800000, 0x0000000747600000| Untracked 
|  44|0x0000000747800000, 0x0000000747a00000, 0x0000000747a00000|100%| O|  |TAMS 0x0000000747a00000, 0x0000000747800000| Untracked 
|  45|0x0000000747a00000, 0x0000000747c00000, 0x0000000747c00000|100%| O|  |TAMS 0x0000000747c00000, 0x0000000747a00000| Untracked 
|  46|0x0000000747c00000, 0x0000000747e00000, 0x0000000747e00000|100%| O|  |TAMS 0x0000000747e00000, 0x0000000747c00000| Untracked 
|  47|0x0000000747e00000, 0x0000000748000000, 0x0000000748000000|100%| O|  |TAMS 0x0000000748000000, 0x0000000747e00000| Untracked 
|  48|0x0000000748000000, 0x0000000748200000, 0x0000000748200000|100%| O|  |TAMS 0x0000000748200000, 0x0000000748000000| Untracked 
|  49|0x0000000748200000, 0x0000000748400000, 0x0000000748400000|100%| O|  |TAMS 0x00000007482d1400, 0x0000000748200000| Untracked 
|  50|0x0000000748400000, 0x0000000748600000, 0x0000000748600000|100%| O|  |TAMS 0x0000000748600000, 0x0000000748400000| Untracked 
|  51|0x0000000748600000, 0x0000000748800000, 0x0000000748800000|100%| O|  |TAMS 0x0000000748800000, 0x0000000748600000| Untracked 
|  52|0x0000000748800000, 0x0000000748a00000, 0x0000000748a00000|100%| O|  |TAMS 0x0000000748800000, 0x0000000748800000| Untracked 
|  53|0x0000000748a00000, 0x0000000748c00000, 0x0000000748c00000|100%| O|  |TAMS 0x0000000748c00000, 0x0000000748a00000| Untracked 
|  54|0x0000000748c00000, 0x0000000748e00000, 0x0000000748e00000|100%| O|  |TAMS 0x0000000748e00000, 0x0000000748c00000| Untracked 
|  55|0x0000000748e00000, 0x0000000749000000, 0x0000000749000000|100%| O|  |TAMS 0x0000000749000000, 0x0000000748e00000| Untracked 
|  56|0x0000000749000000, 0x0000000749200000, 0x0000000749200000|100%| O|  |TAMS 0x0000000749200000, 0x0000000749000000| Untracked 
|  57|0x0000000749200000, 0x0000000749400000, 0x0000000749400000|100%| O|  |TAMS 0x0000000749400000, 0x0000000749200000| Untracked 
|  58|0x0000000749400000, 0x0000000749400000, 0x0000000749600000|  0%| F|  |TAMS 0x0000000749400000, 0x0000000749400000| Untracked 
|  59|0x0000000749600000, 0x0000000749800000, 0x0000000749800000|100%| O|  |TAMS 0x0000000749800000, 0x0000000749600000| Untracked 
|  60|0x0000000749800000, 0x00000007499c7800, 0x0000000749a00000| 88%| O|  |TAMS 0x0000000749800000, 0x0000000749800000| Untracked 
|  61|0x0000000749a00000, 0x0000000749c00000, 0x0000000749c00000|100%| O|  |TAMS 0x0000000749c00000, 0x0000000749a00000| Untracked 
|  62|0x0000000749c00000, 0x0000000749c00000, 0x0000000749e00000|  0%| F|  |TAMS 0x0000000749c00000, 0x0000000749c00000| Untracked 
|  63|0x0000000749e00000, 0x000000074a000000, 0x000000074a000000|100%| O|  |TAMS 0x000000074a000000, 0x0000000749e00000| Untracked 
|  64|0x000000074a000000, 0x000000074a000000, 0x000000074a200000|  0%| F|  |TAMS 0x000000074a000000, 0x000000074a000000| Untracked 
|  65|0x000000074a200000, 0x000000074a400000, 0x000000074a400000|100%| O|  |TAMS 0x000000074a400000, 0x000000074a200000| Untracked 
|  66|0x000000074a400000, 0x000000074a600000, 0x000000074a600000|100%| O|  |TAMS 0x000000074a600000, 0x000000074a400000| Untracked 
|  67|0x000000074a600000, 0x000000074a600000, 0x000000074a800000|  0%| F|  |TAMS 0x000000074a600000, 0x000000074a600000| Untracked 
|  68|0x000000074a800000, 0x000000074a800000, 0x000000074aa00000|  0%| F|  |TAMS 0x000000074a800000, 0x000000074a800000| Untracked 
|  69|0x000000074aa00000, 0x000000074aa00000, 0x000000074ac00000|  0%| F|  |TAMS 0x000000074aa00000, 0x000000074aa00000| Untracked 
|  70|0x000000074ac00000, 0x000000074ac00000, 0x000000074ae00000|  0%| F|  |TAMS 0x000000074ac00000, 0x000000074ac00000| Untracked 
|  71|0x000000074ae00000, 0x000000074ae00000, 0x000000074b000000|  0%| F|  |TAMS 0x000000074ae00000, 0x000000074ae00000| Untracked 
|  72|0x000000074b000000, 0x000000074b200000, 0x000000074b200000|100%| O|  |TAMS 0x000000074b200000, 0x000000074b000000| Untracked 
|  73|0x000000074b200000, 0x000000074b400000, 0x000000074b400000|100%| O|  |TAMS 0x000000074b400000, 0x000000074b200000| Untracked 
|  74|0x000000074b400000, 0x000000074b600000, 0x000000074b600000|100%| O|  |TAMS 0x000000074b600000, 0x000000074b400000| Untracked 
|  75|0x000000074b600000, 0x000000074b600000, 0x000000074b800000|  0%| F|  |TAMS 0x000000074b600000, 0x000000074b600000| Untracked 
|  76|0x000000074b800000, 0x000000074ba00000, 0x000000074ba00000|100%| O|  |TAMS 0x000000074ba00000, 0x000000074b800000| Untracked 
|  77|0x000000074ba00000, 0x000000074bc00000, 0x000000074bc00000|100%| O|  |TAMS 0x000000074bc00000, 0x000000074ba00000| Untracked 
|  78|0x000000074bc00000, 0x000000074be00000, 0x000000074be00000|100%| O|  |TAMS 0x000000074be00000, 0x000000074bc00000| Untracked 
|  79|0x000000074be00000, 0x000000074c000000, 0x000000074c000000|100%| O|  |TAMS 0x000000074c000000, 0x000000074be00000| Untracked 
|  80|0x000000074c000000, 0x000000074c200000, 0x000000074c200000|100%| O|  |TAMS 0x000000074c200000, 0x000000074c000000| Untracked 
|  81|0x000000074c200000, 0x000000074c200000, 0x000000074c400000|  0%| F|  |TAMS 0x000000074c200000, 0x000000074c200000| Untracked 
|  82|0x000000074c400000, 0x000000074c400000, 0x000000074c600000|  0%| F|  |TAMS 0x000000074c400000, 0x000000074c400000| Untracked 
|  83|0x000000074c600000, 0x000000074c600000, 0x000000074c800000|  0%| F|  |TAMS 0x000000074c600000, 0x000000074c600000| Untracked 
|  84|0x000000074c800000, 0x000000074c800000, 0x000000074ca00000|  0%| F|  |TAMS 0x000000074c800000, 0x000000074c800000| Untracked 
|  85|0x000000074ca00000, 0x000000074ca00000, 0x000000074cc00000|  0%| F|  |TAMS 0x000000074ca00000, 0x000000074ca00000| Untracked 
|  86|0x000000074cc00000, 0x000000074cc00000, 0x000000074ce00000|  0%| F|  |TAMS 0x000000074cc00000, 0x000000074cc00000| Untracked 
|  87|0x000000074ce00000, 0x000000074ce00000, 0x000000074d000000|  0%| F|  |TAMS 0x000000074ce00000, 0x000000074ce00000| Untracked 
|  88|0x000000074d000000, 0x000000074d000000, 0x000000074d200000|  0%| F|  |TAMS 0x000000074d000000, 0x000000074d000000| Untracked 
|  89|0x000000074d200000, 0x000000074d200000, 0x000000074d400000|  0%| F|  |TAMS 0x000000074d200000, 0x000000074d200000| Untracked 
|  90|0x000000074d400000, 0x000000074d400000, 0x000000074d600000|  0%| F|  |TAMS 0x000000074d400000, 0x000000074d400000| Untracked 
|  91|0x000000074d600000, 0x000000074d600000, 0x000000074d800000|  0%| F|  |TAMS 0x000000074d600000, 0x000000074d600000| Untracked 
|  92|0x000000074d800000, 0x000000074d800000, 0x000000074da00000|  0%| F|  |TAMS 0x000000074d800000, 0x000000074d800000| Untracked 
|  93|0x000000074da00000, 0x000000074db18d18, 0x000000074dc00000| 54%| E|  |TAMS 0x000000074da00000, 0x000000074da00000| Complete 
|  94|0x000000074dc00000, 0x000000074de00000, 0x000000074de00000|100%| E|CS|TAMS 0x000000074dc00000, 0x000000074dc00000| Complete 
|  95|0x000000074de00000, 0x000000074e000000, 0x000000074e000000|100%| E|CS|TAMS 0x000000074de00000, 0x000000074de00000| Complete 
|  96|0x000000074e000000, 0x000000074e200000, 0x000000074e200000|100%| E|CS|TAMS 0x000000074e000000, 0x000000074e000000| Complete 
|  97|0x000000074e200000, 0x000000074e400000, 0x000000074e400000|100%| E|CS|TAMS 0x000000074e200000, 0x000000074e200000| Complete 
|  98|0x000000074e400000, 0x000000074e600000, 0x000000074e600000|100%| E|CS|TAMS 0x000000074e400000, 0x000000074e400000| Complete 
|  99|0x000000074e600000, 0x000000074e800000, 0x000000074e800000|100%| E|CS|TAMS 0x000000074e600000, 0x000000074e600000| Complete 
| 100|0x000000074e800000, 0x000000074ea00000, 0x000000074ea00000|100%| E|CS|TAMS 0x000000074e800000, 0x000000074e800000| Complete 
| 101|0x000000074ea00000, 0x000000074ec00000, 0x000000074ec00000|100%| E|CS|TAMS 0x000000074ea00000, 0x000000074ea00000| Complete 
| 102|0x000000074ec00000, 0x000000074ee00000, 0x000000074ee00000|100%| E|CS|TAMS 0x000000074ec00000, 0x000000074ec00000| Complete 
| 103|0x000000074ee00000, 0x000000074f000000, 0x000000074f000000|100%| E|CS|TAMS 0x000000074ee00000, 0x000000074ee00000| Complete 
| 104|0x000000074f000000, 0x000000074f200000, 0x000000074f200000|100%| E|CS|TAMS 0x000000074f000000, 0x000000074f000000| Complete 
| 105|0x000000074f200000, 0x000000074f400000, 0x000000074f400000|100%| E|CS|TAMS 0x000000074f200000, 0x000000074f200000| Complete 
| 106|0x000000074f400000, 0x000000074f600000, 0x000000074f600000|100%| E|CS|TAMS 0x000000074f400000, 0x000000074f400000| Complete 
| 107|0x000000074f600000, 0x000000074f800000, 0x000000074f800000|100%| E|CS|TAMS 0x000000074f600000, 0x000000074f600000| Complete 
| 108|0x000000074f800000, 0x000000074fa00000, 0x000000074fa00000|100%| E|CS|TAMS 0x000000074f800000, 0x000000074f800000| Complete 
| 109|0x000000074fa00000, 0x000000074fc00000, 0x000000074fc00000|100%| E|CS|TAMS 0x000000074fa00000, 0x000000074fa00000| Complete 
| 110|0x000000074fc00000, 0x000000074fe00000, 0x000000074fe00000|100%| E|CS|TAMS 0x000000074fc00000, 0x000000074fc00000| Complete 
| 111|0x000000074fe00000, 0x0000000750000000, 0x0000000750000000|100%| E|CS|TAMS 0x000000074fe00000, 0x000000074fe00000| Complete 
| 112|0x0000000750000000, 0x0000000750200000, 0x0000000750200000|100%| E|CS|TAMS 0x0000000750000000, 0x0000000750000000| Complete 
| 113|0x0000000750200000, 0x0000000750400000, 0x0000000750400000|100%| E|CS|TAMS 0x0000000750200000, 0x0000000750200000| Complete 
| 114|0x0000000750400000, 0x0000000750600000, 0x0000000750600000|100%| E|CS|TAMS 0x0000000750400000, 0x0000000750400000| Complete 
| 115|0x0000000750600000, 0x0000000750800000, 0x0000000750800000|100%| E|CS|TAMS 0x0000000750600000, 0x0000000750600000| Complete 
| 116|0x0000000750800000, 0x0000000750a00000, 0x0000000750a00000|100%| E|CS|TAMS 0x0000000750800000, 0x0000000750800000| Complete 
| 117|0x0000000750a00000, 0x0000000750c00000, 0x0000000750c00000|100%| E|CS|TAMS 0x0000000750a00000, 0x0000000750a00000| Complete 
| 118|0x0000000750c00000, 0x0000000750e00000, 0x0000000750e00000|100%| E|CS|TAMS 0x0000000750c00000, 0x0000000750c00000| Complete 
| 119|0x0000000750e00000, 0x0000000751000000, 0x0000000751000000|100%| E|CS|TAMS 0x0000000750e00000, 0x0000000750e00000| Complete 
| 120|0x0000000751000000, 0x0000000751200000, 0x0000000751200000|100%| E|CS|TAMS 0x0000000751000000, 0x0000000751000000| Complete 
| 121|0x0000000751200000, 0x0000000751400000, 0x0000000751400000|100%| E|CS|TAMS 0x0000000751200000, 0x0000000751200000| Complete 
| 122|0x0000000751400000, 0x0000000751600000, 0x0000000751600000|100%| E|CS|TAMS 0x0000000751400000, 0x0000000751400000| Complete 
| 123|0x0000000751600000, 0x0000000751800000, 0x0000000751800000|100%| E|CS|TAMS 0x0000000751600000, 0x0000000751600000| Complete 
| 124|0x0000000751800000, 0x0000000751a00000, 0x0000000751a00000|100%| E|CS|TAMS 0x0000000751800000, 0x0000000751800000| Complete 
| 125|0x0000000751a00000, 0x0000000751c00000, 0x0000000751c00000|100%| E|CS|TAMS 0x0000000751a00000, 0x0000000751a00000| Complete 
| 126|0x0000000751c00000, 0x0000000751e00000, 0x0000000751e00000|100%| E|CS|TAMS 0x0000000751c00000, 0x0000000751c00000| Complete 
| 127|0x0000000751e00000, 0x0000000752000000, 0x0000000752000000|100%| E|CS|TAMS 0x0000000751e00000, 0x0000000751e00000| Complete 
| 128|0x0000000752000000, 0x0000000752200000, 0x0000000752200000|100%| E|CS|TAMS 0x0000000752000000, 0x0000000752000000| Complete 
| 129|0x0000000752200000, 0x0000000752400000, 0x0000000752400000|100%| E|CS|TAMS 0x0000000752200000, 0x0000000752200000| Complete 
| 130|0x0000000752400000, 0x0000000752535c00, 0x0000000752600000| 60%| S|CS|TAMS 0x0000000752400000, 0x0000000752400000| Complete 
| 131|0x0000000752600000, 0x0000000752800000, 0x0000000752800000|100%| E|CS|TAMS 0x0000000752600000, 0x0000000752600000| Complete 
| 132|0x0000000752800000, 0x0000000752a00000, 0x0000000752a00000|100%| E|CS|TAMS 0x0000000752800000, 0x0000000752800000| Complete 
| 133|0x0000000752a00000, 0x0000000752c00000, 0x0000000752c00000|100%| E|CS|TAMS 0x0000000752a00000, 0x0000000752a00000| Complete 

Card table byte_map: [0x000001b668870000,0x000001b668e60000] _byte_map_base: 0x000001b664e60000

Marking Bits (Prev, Next): (CMBitMap*) 0x000001b6516e38f0, (CMBitMap*) 0x000001b6516e38b0
 Prev Bits: [0x000001b66c3d0000, 0x000001b66f350000)
 Next Bits: [0x000001b669450000, 0x000001b66c3d0000)

Polling page: 0x000001b64f5f0000

Metaspace:

Usage:
  Non-class:     78.79 MB used.
      Class:     12.27 MB used.
       Both:     91.06 MB used.

Virtual space:
  Non-class space:      128.00 MB reserved,      79.19 MB ( 62%) committed,  2 nodes.
      Class space:        1.00 GB reserved,      12.56 MB (  1%) committed,  1 nodes.
             Both:        1.12 GB reserved,      91.75 MB (  8%) committed. 

Chunk freelists:
   Non-Class:  752.00 KB
       Class:  3.32 MB
        Both:  4.06 MB

MaxMetaspaceSize: unlimited
CompressedClassSpaceSize: 1.00 GB
Initial GC threshold: 21.00 MB
Current GC threshold: 152.44 MB
CDS: on
MetaspaceReclaimPolicy: balanced
 - commit_granule_bytes: 65536.
 - commit_granule_words: 8192.
 - virtual_space_node_default_size: 8388608.
 - enlarge_chunks_in_place: 1.
 - new_chunks_are_fully_committed: 0.
 - uncommit_free_chunks: 1.
 - use_allocation_guard: 0.
 - handle_deallocations: 1.


Internal statistics:

num_allocs_failed_limit: 11.
num_arena_births: 1156.
num_arena_deaths: 0.
num_vsnodes_births: 3.
num_vsnodes_deaths: 0.
num_space_committed: 1468.
num_space_uncommitted: 0.
num_chunks_returned_to_freelist: 11.
num_chunks_taken_from_freelist: 4839.
num_chunk_merges: 8.
num_chunk_splits: 3360.
num_chunks_enlarged: 2536.
num_inconsistent_stats: 0.

CodeHeap 'non-profiled nmethods': size=120000Kb used=17184Kb max_used=17184Kb free=102816Kb
 bounds [0x000001b660a10000, 0x000001b661ae0000, 0x000001b667f40000]
CodeHeap 'profiled nmethods': size=120000Kb used=31945Kb max_used=32483Kb free=88054Kb
 bounds [0x000001b658f40000, 0x000001b65af20000, 0x000001b660470000]
CodeHeap 'non-nmethods': size=5760Kb used=1695Kb max_used=1817Kb free=4064Kb
 bounds [0x000001b660470000, 0x000001b6606e0000, 0x000001b660a10000]
 total_blobs=17406 nmethods=16374 adapters=943
 compilation: enabled
              stopped_count=0, restarted_count=0
 full_count=0

Compilation events (20 events):
Event: 2233.708 Thread 0x000001b671d9a260 nmethod 20703 0x000001b65a3ce490 code [0x000001b65a3ce6a0, 0x000001b65a3ceea8]
Event: 2248.078 Thread 0x000001b671d9a260 20704       3       org.springframework.beans.factory.support.AbstractBeanFactory::isSingleton (170 bytes)
Event: 2248.080 Thread 0x000001b671d91c80 20705       4       java.util.concurrent.ConcurrentHashMap$EntryIterator::next (5 bytes)
Event: 2248.080 Thread 0x000001b671d9a260 nmethod 20704 0x000001b65a6b1410 code [0x000001b65a6b1840, 0x000001b65a6b3b98]
Event: 2248.080 Thread 0x000001b671d9a260 20706   !   3       java.util.concurrent.ConcurrentHashMap::clear (176 bytes)
Event: 2248.081 Thread 0x000001b671d9a260 nmethod 20706 0x000001b659415810 code [0x000001b659415a40, 0x000001b6594163e8]
Event: 2248.083 Thread 0x000001b671d9a260 20709       3       org.springframework.beans.factory.support.DefaultListableBeanFactory$$Lambda$305/0x000001b6011b6c70::test (12 bytes)
Event: 2248.083 Thread 0x000001b671d9a260 nmethod 20709 0x000001b65a862f10 code [0x000001b65a8630c0, 0x000001b65a863428]
Event: 2248.083 Thread 0x000001b671d9a260 20710       3       org.springframework.beans.factory.support.DefaultListableBeanFactory::lambda$removeManualSingletonName$8 (8 bytes)
Event: 2248.084 Thread 0x000001b671d9a260 nmethod 20710 0x000001b65a303110 code [0x000001b65a3032c0, 0x000001b65a303488]
Event: 2248.086 Thread 0x000001b671d91c80 nmethod 20705 0x000001b661ad6690 code [0x000001b661ad6820, 0x000001b661ad6db8]
Event: 2248.086 Thread 0x000001b671d91c80 20707       4       java.util.HashSet::isEmpty (8 bytes)
Event: 2248.086 Thread 0x000001b671d9a260 20711       1       org.hibernate.service.spi.ServiceBinding::getLifecycleOwner (5 bytes)
Event: 2248.086 Thread 0x000001b671d9a260 nmethod 20711 0x000001b661ad7090 code [0x000001b661ad7220, 0x000001b661ad72f8]
Event: 2248.087 Thread 0x000001b671d91c80 nmethod 20707 0x000001b661ad7390 code [0x000001b661ad7500, 0x000001b661ad7598]
Event: 2248.087 Thread 0x000001b671d91c80 20708       4       java.util.concurrent.ConcurrentHashMap$EntryIterator::next (51 bytes)
Event: 2248.093 Thread 0x000001b671d9a260 20712       3       ch.qos.logback.classic.Logger::recursiveReset (58 bytes)
Event: 2248.093 Thread 0x000001b671d91c80 nmethod 20708 0x000001b661ad7690 code [0x000001b661ad7820, 0x000001b661ad7d98]
Event: 2248.093 Thread 0x000001b671d9a260 nmethod 20712 0x000001b659cc4590 code [0x000001b659cc47c0, 0x000001b659cc5088]
Event: 2248.093 Thread 0x000001b671d9a260 20714       3       ch.qos.logback.classic.Logger::localLevelReset (30 bytes)

GC Heap History (20 events):
Event: 1664.485 GC heap before
{Heap before GC invocations=64 (full 0):
 garbage-first heap   total 274432K, used 157934K [0x0000000742000000, 0x0000000800000000)
  region size 2048K, 6 young (12288K), 3 survivors (6144K)
 Metaspace       used 92104K, committed 92864K, reserved 1179648K
  class space    used 12543K, committed 12864K, reserved 1048576K
}
Event: 1664.492 GC heap after
{Heap after GC invocations=65 (full 0):
 garbage-first heap   total 274432K, used 148894K [0x0000000742000000, 0x0000000800000000)
  region size 2048K, 1 young (2048K), 1 survivors (2048K)
 Metaspace       used 92104K, committed 92864K, reserved 1179648K
  class space    used 12543K, committed 12864K, reserved 1048576K
}
Event: 1724.046 GC heap before
{Heap before GC invocations=65 (full 0):
 garbage-first heap   total 274432K, used 226718K [0x0000000742000000, 0x0000000800000000)
  region size 2048K, 39 young (79872K), 1 survivors (2048K)
 Metaspace       used 92330K, committed 93056K, reserved 1179648K
  class space    used 12544K, committed 12864K, reserved 1048576K
}
Event: 1724.049 GC heap after
{Heap after GC invocations=66 (full 0):
 garbage-first heap   total 274432K, used 150797K [0x0000000742000000, 0x0000000800000000)
  region size 2048K, 2 young (4096K), 2 survivors (4096K)
 Metaspace       used 92330K, committed 93056K, reserved 1179648K
  class space    used 12544K, committed 12864K, reserved 1048576K
}
Event: 1802.354 GC heap before
{Heap before GC invocations=67 (full 0):
 garbage-first heap   total 274432K, used 226573K [0x0000000742000000, 0x0000000800000000)
  region size 2048K, 39 young (79872K), 2 survivors (4096K)
 Metaspace       used 92477K, committed 93184K, reserved 1179648K
  class space    used 12545K, committed 12864K, reserved 1048576K
}
Event: 1802.364 GC heap after
{Heap after GC invocations=68 (full 0):
 garbage-first heap   total 274432K, used 152140K [0x0000000742000000, 0x0000000800000000)
  region size 2048K, 3 young (6144K), 3 survivors (6144K)
 Metaspace       used 92477K, committed 93184K, reserved 1179648K
  class space    used 12545K, committed 12864K, reserved 1048576K
}
Event: 1807.928 GC heap before
{Heap before GC invocations=68 (full 0):
 garbage-first heap   total 274432K, used 158284K [0x0000000742000000, 0x0000000800000000)
  region size 2048K, 6 young (12288K), 3 survivors (6144K)
 Metaspace       used 92491K, committed 93184K, reserved 1179648K
  class space    used 12545K, committed 12864K, reserved 1048576K
}
Event: 1807.933 GC heap after
{Heap after GC invocations=69 (full 0):
 garbage-first heap   total 274432K, used 147562K [0x0000000742000000, 0x0000000800000000)
  region size 2048K, 1 young (2048K), 1 survivors (2048K)
 Metaspace       used 92491K, committed 93184K, reserved 1179648K
  class space    used 12545K, committed 12864K, reserved 1048576K
}
Event: 1888.081 GC heap before
{Heap before GC invocations=69 (full 0):
 garbage-first heap   total 274432K, used 227434K [0x0000000742000000, 0x0000000800000000)
  region size 2048K, 40 young (81920K), 1 survivors (2048K)
 Metaspace       used 92642K, committed 93376K, reserved 1179648K
  class space    used 12545K, committed 12864K, reserved 1048576K
}
Event: 1888.084 GC heap after
{Heap after GC invocations=70 (full 0):
 garbage-first heap   total 274432K, used 150934K [0x0000000742000000, 0x0000000800000000)
  region size 2048K, 3 young (6144K), 3 survivors (6144K)
 Metaspace       used 92642K, committed 93376K, reserved 1179648K
  class space    used 12545K, committed 12864K, reserved 1048576K
}
Event: 1938.101 GC heap before
{Heap before GC invocations=71 (full 0):
 garbage-first heap   total 274432K, used 226710K [0x0000000742000000, 0x0000000800000000)
  region size 2048K, 40 young (81920K), 3 survivors (6144K)
 Metaspace       used 92716K, committed 93440K, reserved 1179648K
  class space    used 12545K, committed 12864K, reserved 1048576K
}
Event: 1938.106 GC heap after
{Heap after GC invocations=72 (full 0):
 garbage-first heap   total 274432K, used 151248K [0x0000000742000000, 0x0000000800000000)
  region size 2048K, 3 young (6144K), 3 survivors (6144K)
 Metaspace       used 92716K, committed 93440K, reserved 1179648K
  class space    used 12545K, committed 12864K, reserved 1048576K
}
Event: 1943.087 GC heap before
{Heap before GC invocations=72 (full 0):
 garbage-first heap   total 274432K, used 157392K [0x0000000742000000, 0x0000000800000000)
  region size 2048K, 6 young (12288K), 3 survivors (6144K)
 Metaspace       used 92731K, committed 93440K, reserved 1179648K
  class space    used 12545K, committed 12864K, reserved 1048576K
}
Event: 1943.092 GC heap after
{Heap after GC invocations=73 (full 0):
 garbage-first heap   total 274432K, used 147434K [0x0000000742000000, 0x0000000800000000)
  region size 2048K, 1 young (2048K), 1 survivors (2048K)
 Metaspace       used 92731K, committed 93440K, reserved 1179648K
  class space    used 12545K, committed 12864K, reserved 1048576K
}
Event: 2008.632 GC heap before
{Heap before GC invocations=73 (full 0):
 garbage-first heap   total 274432K, used 229354K [0x0000000742000000, 0x0000000800000000)
  region size 2048K, 41 young (83968K), 1 survivors (2048K)
 Metaspace       used 92896K, committed 93632K, reserved 1179648K
  class space    used 12545K, committed 12864K, reserved 1048576K
}
Event: 2008.643 GC heap after
{Heap after GC invocations=74 (full 0):
 garbage-first heap   total 274432K, used 150488K [0x0000000742000000, 0x0000000800000000)
  region size 2048K, 3 young (6144K), 3 survivors (6144K)
 Metaspace       used 92896K, committed 93632K, reserved 1179648K
  class space    used 12545K, committed 12864K, reserved 1048576K
}
Event: 2049.250 GC heap before
{Heap before GC invocations=75 (full 0):
 garbage-first heap   total 274432K, used 228312K [0x0000000742000000, 0x0000000800000000)
  region size 2048K, 41 young (83968K), 3 survivors (6144K)
 Metaspace       used 93018K, committed 93760K, reserved 1179648K
  class space    used 12545K, committed 12864K, reserved 1048576K
}
Event: 2049.267 GC heap after
{Heap after GC invocations=76 (full 0):
 garbage-first heap   total 274432K, used 151030K [0x0000000742000000, 0x0000000800000000)
  region size 2048K, 3 young (6144K), 3 survivors (6144K)
 Metaspace       used 93018K, committed 93760K, reserved 1179648K
  class space    used 12545K, committed 12864K, reserved 1048576K
}
Event: 2053.299 GC heap before
{Heap before GC invocations=76 (full 0):
 garbage-first heap   total 274432K, used 157174K [0x0000000742000000, 0x0000000800000000)
  region size 2048K, 6 young (12288K), 3 survivors (6144K)
 Metaspace       used 93025K, committed 93760K, reserved 1179648K
  class space    used 12545K, committed 12864K, reserved 1048576K
}
Event: 2053.309 GC heap after
{Heap after GC invocations=77 (full 0):
 garbage-first heap   total 274432K, used 146421K [0x0000000742000000, 0x0000000800000000)
  region size 2048K, 1 young (2048K), 1 survivors (2048K)
 Metaspace       used 93025K, committed 93760K, reserved 1179648K
  class space    used 12545K, committed 12864K, reserved 1048576K
}

Deoptimization events (20 events):
Event: 2248.090 Thread 0x000001b6454505e0 Uncommon trap: trap_request=0xffffff45 fr.pc=0x000001b6619c85b0 relative=0x0000000000001030
Event: 2248.090 Thread 0x000001b6454505e0 Uncommon trap: reason=unstable_if action=reinterpret pc=0x000001b6619c85b0 method=java.util.concurrent.ThreadPoolExecutor.runStateAtLeast(II)Z @ 2 c2
Event: 2248.090 Thread 0x000001b6454505e0 DEOPT PACKING pc=0x000001b6619c85b0 sp=0x00000079b2fff470
Event: 2248.090 Thread 0x000001b6454505e0 DEOPT UNPACKING pc=0x000001b6604c23a3 sp=0x00000079b2fff408 mode 2
Event: 2248.090 Thread 0x000001b6454505e0 Uncommon trap: trap_request=0xffffff5c fr.pc=0x000001b661070bf8 relative=0x00000000000004d8
Event: 2248.090 Thread 0x000001b6454505e0 Uncommon trap: reason=speculate_null_check action=make_not_entrant pc=0x000001b661070bf8 method=java.util.concurrent.locks.AbstractQueuedSynchronizer.enqueue(Ljava/util/concurrent/locks/AbstractQueuedSynchronizer$Node;)V @ 15 c2
Event: 2248.091 Thread 0x000001b6454505e0 DEOPT PACKING pc=0x000001b661070bf8 sp=0x00000079b2fff340
Event: 2248.091 Thread 0x000001b6454505e0 DEOPT UNPACKING pc=0x000001b6604c23a3 sp=0x00000079b2fff2a8 mode 2
Event: 2248.091 Thread 0x000001b64544e780 Uncommon trap: trap_request=0xffffffc6 fr.pc=0x000001b6614bcf74 relative=0x0000000000000c94
Event: 2248.091 Thread 0x000001b64544e780 Uncommon trap: reason=bimorphic_or_optimized_type_check action=maybe_recompile pc=0x000001b6614bcf74 method=java.util.concurrent.ConcurrentHashMap.replaceNode(Ljava/lang/Object;Ljava/lang/Object;Ljava/lang/Object;)Ljava/lang/Object; @ 147 c2
Event: 2248.091 Thread 0x000001b64544e780 DEOPT PACKING pc=0x000001b6614bcf74 sp=0x00000079b30fe9e0
Event: 2248.091 Thread 0x000001b64544e780 DEOPT UNPACKING pc=0x000001b6604c23a3 sp=0x00000079b30fe978 mode 2
Event: 2248.091 Thread 0x000001b64544e780 Uncommon trap: trap_request=0xffffffc6 fr.pc=0x000001b6614bcf74 relative=0x0000000000000c94
Event: 2248.091 Thread 0x000001b64544e780 Uncommon trap: reason=bimorphic_or_optimized_type_check action=maybe_recompile pc=0x000001b6614bcf74 method=java.util.concurrent.ConcurrentHashMap.replaceNode(Ljava/lang/Object;Ljava/lang/Object;Ljava/lang/Object;)Ljava/lang/Object; @ 147 c2
Event: 2248.091 Thread 0x000001b64544e780 DEOPT PACKING pc=0x000001b6614bcf74 sp=0x00000079b30fe9e0
Event: 2248.091 Thread 0x000001b64544e780 DEOPT UNPACKING pc=0x000001b6604c23a3 sp=0x00000079b30fe978 mode 2
Event: 2248.091 Thread 0x000001b64544e780 Uncommon trap: trap_request=0xffffffc6 fr.pc=0x000001b6614bcf74 relative=0x0000000000000c94
Event: 2248.091 Thread 0x000001b64544e780 Uncommon trap: reason=bimorphic_or_optimized_type_check action=maybe_recompile pc=0x000001b6614bcf74 method=java.util.concurrent.ConcurrentHashMap.replaceNode(Ljava/lang/Object;Ljava/lang/Object;Ljava/lang/Object;)Ljava/lang/Object; @ 147 c2
Event: 2248.091 Thread 0x000001b64544e780 DEOPT PACKING pc=0x000001b6614bcf74 sp=0x00000079b30fe9e0
Event: 2248.091 Thread 0x000001b64544e780 DEOPT UNPACKING pc=0x000001b6604c23a3 sp=0x00000079b30fe978 mode 2

Classes unloaded (0 events):
No events

Classes redefined (0 events):
No events

Internal exceptions (20 events):
Event: 1750.583 Thread 0x000001b67f009ef0 Exception <a 'java/lang/NullPointerException'{0x0000000750a13880}> (0x0000000750a13880) 
thrown [s\open\src\hotspot\share\interpreter\linkResolver.cpp, line 1350]
Event: 1772.843 Thread 0x000001b641ca9990 Implicit null exception at 0x000001b66125fae0 to 0x000001b66125fbfd
Event: 1772.843 Thread 0x000001b641ca9990 Implicit null exception at 0x000001b66133c314 to 0x000001b66133c43c
Event: 1772.843 Thread 0x000001b641ca9990 Implicit null exception at 0x000001b6618f4280 to 0x000001b6618f4453
Event: 1777.494 Thread 0x000001b641ca8550 Exception <a 'java/lang/NullPointerException'{0x000000074f3cf1f0}> (0x000000074f3cf1f0) 
thrown [s\open\src\hotspot\share\interpreter\linkResolver.cpp, line 1350]
Event: 1804.467 Thread 0x000001b641cad650 Exception <a 'java/lang/NullPointerException'{0x0000000752af2d68}> (0x0000000752af2d68) 
thrown [s\open\src\hotspot\share\interpreter\linkResolver.cpp, line 1350]
Event: 1831.500 Thread 0x000001b641ca9990 Exception <a 'java/lang/NullPointerException'{0x00000007517d7910}> (0x00000007517d7910) 
thrown [s\open\src\hotspot\share\interpreter\linkResolver.cpp, line 1350]
Event: 1858.594 Thread 0x000001b641ca9990 Exception <a 'java/lang/NullPointerException'{0x0000000750757090}> (0x0000000750757090) 
thrown [s\open\src\hotspot\share\interpreter\linkResolver.cpp, line 1350]
Event: 1885.960 Thread 0x000001b641ca9990 Exception <a 'java/lang/NullPointerException'{0x000000074e19bf80}> (0x000000074e19bf80) 
thrown [s\open\src\hotspot\share\interpreter\linkResolver.cpp, line 1350]
Event: 1913.235 Thread 0x000001b641ca9990 Exception <a 'java/lang/NullPointerException'{0x00000007509a8688}> (0x00000007509a8688) 
thrown [s\open\src\hotspot\share\interpreter\linkResolver.cpp, line 1350]
Event: 1940.506 Thread 0x000001b641cabd00 Exception <a 'java/lang/NullPointerException'{0x000000075290b928}> (0x000000075290b928) 
thrown [s\open\src\hotspot\share\interpreter\linkResolver.cpp, line 1350]
Event: 1967.836 Thread 0x000001b641ca9990 Exception <a 'java/lang/NullPointerException'{0x0000000751f96630}> (0x0000000751f96630) 
thrown [s\open\src\hotspot\share\interpreter\linkResolver.cpp, line 1350]
Event: 1995.223 Thread 0x000001b641ca9990 Exception <a 'java/lang/NullPointerException'{0x000000074ee3f0f0}> (0x000000074ee3f0f0) 
thrown [s\open\src\hotspot\share\interpreter\linkResolver.cpp, line 1350]
Event: 2022.665 Thread 0x000001b67f009ef0 Exception <a 'java/lang/NullPointerException'{0x00000007517891c0}> (0x00000007517891c0) 
thrown [s\open\src\hotspot\share\interpreter\linkResolver.cpp, line 1350]
Event: 2050.167 Thread 0x000001b67c2648b0 Exception <a 'java/lang/NullPointerException'{0x0000000752a91c00}> (0x0000000752a91c00) 
thrown [s\open\src\hotspot\share\interpreter\linkResolver.cpp, line 1350]
Event: 2077.722 Thread 0x000001b67c2648b0 Exception <a 'java/lang/NullPointerException'{0x000000075109eca0}> (0x000000075109eca0) 
thrown [s\open\src\hotspot\share\interpreter\linkResolver.cpp, line 1350]
Event: 2105.329 Thread 0x000001b67c2648b0 Exception <a 'java/lang/NullPointerException'{0x0000000750c39f00}> (0x0000000750c39f00) 
thrown [s\open\src\hotspot\share\interpreter\linkResolver.cpp, line 1350]
Event: 2132.991 Thread 0x000001b67c2648b0 Exception <a 'java/lang/NullPointerException'{0x000000075080fb58}> (0x000000075080fb58) 
thrown [s\open\src\hotspot\share\interpreter\linkResolver.cpp, line 1350]
Event: 2160.708 Thread 0x000001b67c2648b0 Exception <a 'java/lang/NullPointerException'{0x000000074ef3ed58}> (0x000000074ef3ed58) 
thrown [s\open\src\hotspot\share\interpreter\linkResolver.cpp, line 1350]
Event: 2248.077 Thread 0x000001b64544e780 Implicit null exception at 0x000001b661695f61 to 0x000001b661696360

VM Operations (20 events):
Event: 2161.030 Executing VM operation: Cleanup done
Event: 2163.122 Executing VM operation: HandshakeAllThreads
Event: 2163.122 Executing VM operation: HandshakeAllThreads done
Event: 2167.123 Executing VM operation: Cleanup
Event: 2167.123 Executing VM operation: Cleanup done
Event: 2169.125 Executing VM operation: Cleanup
Event: 2169.125 Executing VM operation: Cleanup done
Event: 2174.127 Executing VM operation: Cleanup
Event: 2174.127 Executing VM operation: Cleanup done
Event: 2223.217 Executing VM operation: HandshakeAllThreads
Event: 2223.217 Executing VM operation: HandshakeAllThreads done
Event: 2248.038 Executing VM operation: ChangeBreakpoints
Event: 2248.038 Executing VM operation: ChangeBreakpoints done
Event: 2248.038 Executing VM operation: ChangeBreakpoints
Event: 2248.038 Executing VM operation: ChangeBreakpoints done
Event: 2248.038 Executing VM operation: ChangeBreakpoints
Event: 2248.038 Executing VM operation: ChangeBreakpoints done
Event: 2248.085 Executing VM operation: HandshakeAllThreads
Event: 2248.085 Executing VM operation: HandshakeAllThreads done
Event: 2248.093 Executing VM operation: Exit

Events (20 events):
Event: 2248.088 loading class org/springframework/boot/devtools/autoconfigure/DevToolsDataSourceAutoConfiguration$NonEmbeddedInMemoryDatabaseShutdownExecutor$InMemoryDatabase$ShutdownHandler
Event: 2248.088 loading class org/springframework/boot/devtools/autoconfigure/DevToolsDataSourceAutoConfiguration$NonEmbeddedInMemoryDatabaseShutdownExecutor$InMemoryDatabase$ShutdownHandler done
Event: 2248.088 loading class javax/sql/DataSource
Event: 2248.088 loading class javax/sql/DataSource done
Event: 2248.089 loading class com/zaxxer/hikari/pool/HikariPool
Event: 2248.089 loading class com/zaxxer/hikari/pool/HikariPool done
Event: 2248.089 loading class com/zaxxer/hikari/pool/PoolEntry
Event: 2248.089 loading class com/zaxxer/hikari/pool/PoolEntry done
Event: 2248.089 loading class com/zaxxer/hikari/pool/PoolEntry
Event: 2248.089 loading class com/zaxxer/hikari/pool/PoolEntry done
Event: 2248.089 Thread 0x000001b6454505e0 Thread added: 0x000001b6454505e0
Event: 2248.089 loading class com/zaxxer/hikari/util/ConcurrentBag$IConcurrentBagEntry
Event: 2248.089 loading class com/zaxxer/hikari/util/ConcurrentBag$IConcurrentBagEntry done
Event: 2248.089 loading class com/zaxxer/hikari/util/ConcurrentBag$IConcurrentBagEntry
Event: 2248.089 loading class com/zaxxer/hikari/util/ConcurrentBag$IConcurrentBagEntry done
Event: 2248.089 Thread 0x000001b641cac720 Thread exited: 0x000001b641cac720
Event: 2248.091 Thread 0x000001b6454505e0 Thread exited: 0x000001b6454505e0
Event: 2248.092 loading class org/springframework/boot/SpringApplicationShutdownHook
Event: 2248.092 loading class org/springframework/boot/SpringApplicationShutdownHook done
Event: 2248.093 Thread 0x000001b64544e780 Thread exited: 0x000001b64544e780


Dynamic libraries:
0x00007ff7fc490000 - 0x00007ff7fc4a0000 	C:\Program Files\Java\jdk-17\bin\java.exe
0x00007ff89c570000 - 0x00007ff89c768000 	C:\WINDOWS\SYSTEM32\ntdll.dll
0x00007ff89c090000 - 0x00007ff89c152000 	C:\WINDOWS\System32\KERNEL32.DLL
0x00007ff89a180000 - 0x00007ff89a47f000 	C:\WINDOWS\System32\KERNELBASE.dll
0x00007ff89a480000 - 0x00007ff89a580000 	C:\WINDOWS\System32\ucrtbase.dll
0x00007ff896940000 - 0x00007ff896959000 	C:\Program Files\Java\jdk-17\bin\jli.dll
0x00007ff896960000 - 0x00007ff89697b000 	C:\Program Files\Java\jdk-17\bin\VCRUNTIME140.dll
0x00007ff89a6b0000 - 0x00007ff89a761000 	C:\WINDOWS\System32\ADVAPI32.dll
0x00007ff89c310000 - 0x00007ff89c3ae000 	C:\WINDOWS\System32\msvcrt.dll
0x00007ff89aae0000 - 0x00007ff89ab7f000 	C:\WINDOWS\System32\sechost.dll
0x00007ff89ab90000 - 0x00007ff89acb3000 	C:\WINDOWS\System32\RPCRT4.dll
0x00007ff899cd0000 - 0x00007ff899cf7000 	C:\WINDOWS\System32\bcrypt.dll
0x00007ff89be20000 - 0x00007ff89bfbd000 	C:\WINDOWS\System32\USER32.dll
0x00007ff899c00000 - 0x00007ff899c22000 	C:\WINDOWS\System32\win32u.dll
0x00007ff88f670000 - 0x00007ff88f90a000 	C:\WINDOWS\WinSxS\amd64_microsoft.windows.common-controls_6595b64144ccf1df_6.0.19041.4355_none_60b8b9eb71f62e16\COMCTL32.dll
0x00007ff89bd60000 - 0x00007ff89bd8b000 	C:\WINDOWS\System32\GDI32.dll
0x00007ff899e70000 - 0x00007ff899f87000 	C:\WINDOWS\System32\gdi32full.dll
0x00007ff899c30000 - 0x00007ff899ccd000 	C:\WINDOWS\System32\msvcp_win.dll
0x00007ff893b60000 - 0x00007ff893b6a000 	C:\WINDOWS\SYSTEM32\VERSION.dll
0x00007ff89af30000 - 0x00007ff89af5f000 	C:\WINDOWS\System32\IMM32.DLL
0x00007ff896930000 - 0x00007ff89693c000 	C:\Program Files\Java\jdk-17\bin\vcruntime140_1.dll
0x00007ff8968a0000 - 0x00007ff89692e000 	C:\Program Files\Java\jdk-17\bin\msvcp140.dll
0x00007ff838690000 - 0x00007ff839270000 	C:\Program Files\Java\jdk-17\bin\server\jvm.dll
0x00007ff89a770000 - 0x00007ff89a778000 	C:\WINDOWS\System32\PSAPI.DLL
0x00007ff88f240000 - 0x00007ff88f267000 	C:\WINDOWS\SYSTEM32\WINMM.dll
0x00007ff884ab0000 - 0x00007ff884ab9000 	C:\WINDOWS\SYSTEM32\WSOCK32.dll
0x00007ff89c4c0000 - 0x00007ff89c52b000 	C:\WINDOWS\System32\WS2_32.dll
0x00007ff898470000 - 0x00007ff898482000 	C:\WINDOWS\SYSTEM32\kernel.appcore.dll
0x00007ff896890000 - 0x00007ff89689a000 	C:\Program Files\Java\jdk-17\bin\jimage.dll
0x00007ff897970000 - 0x00007ff897b54000 	C:\WINDOWS\SYSTEM32\DBGHELP.DLL
0x00007ff875b30000 - 0x00007ff875b64000 	C:\WINDOWS\SYSTEM32\dbgcore.DLL
0x00007ff899f90000 - 0x00007ff89a012000 	C:\WINDOWS\System32\bcryptPrimitives.dll
0x00007ff8785b0000 - 0x00007ff8785eb000 	C:\Program Files\Java\jdk-17\bin\jdwp.dll
0x00007ff896840000 - 0x00007ff89684e000 	C:\Program Files\Java\jdk-17\bin\instrument.dll
0x00007ff896860000 - 0x00007ff896885000 	C:\Program Files\Java\jdk-17\bin\java.dll
0x00007ff8967f0000 - 0x00007ff896808000 	C:\Program Files\Java\jdk-17\bin\zip.dll
0x00007ff882dc0000 - 0x00007ff882e97000 	C:\Program Files\Java\jdk-17\bin\jsvml.dll
0x00007ff89b4b0000 - 0x00007ff89bc1e000 	C:\WINDOWS\System32\SHELL32.dll
0x00007ff897b80000 - 0x00007ff898324000 	C:\WINDOWS\SYSTEM32\windows.storage.dll
0x00007ff89a780000 - 0x00007ff89aad5000 	C:\WINDOWS\System32\combase.dll
0x00007ff899630000 - 0x00007ff89965f000 	C:\WINDOWS\SYSTEM32\Wldp.dll
0x00007ff89af60000 - 0x00007ff89b02d000 	C:\WINDOWS\System32\OLEAUT32.dll
0x00007ff89bfe0000 - 0x00007ff89c08d000 	C:\WINDOWS\System32\SHCORE.dll
0x00007ff89ad40000 - 0x00007ff89ad95000 	C:\WINDOWS\System32\shlwapi.dll
0x00007ff899b30000 - 0x00007ff899b54000 	C:\WINDOWS\SYSTEM32\profapi.dll
0x00007ff893a30000 - 0x00007ff893a49000 	C:\Program Files\Java\jdk-17\bin\net.dll
0x00007ff8914e0000 - 0x00007ff8915ed000 	C:\WINDOWS\SYSTEM32\WINHTTP.dll
0x00007ff899390000 - 0x00007ff8993fa000 	C:\WINDOWS\system32\mswsock.dll
0x00007ff892440000 - 0x00007ff892456000 	C:\Program Files\Java\jdk-17\bin\nio.dll
0x00007ff896830000 - 0x00007ff89683c000 	C:\Program Files\Java\jdk-17\bin\dt_socket.dll
0x00007ff899020000 - 0x00007ff89905b000 	C:\WINDOWS\SYSTEM32\IPHLPAPI.DLL
0x000001b651580000 - 0x000001b651583000 	C:\Users\tga\Downloads\xd_f371\javafx-sdk-17.0.12\bin\api-ms-win-core-console-l1-1-0.dll
0x000001b651590000 - 0x000001b651593000 	C:\Users\tga\Downloads\xd_f371\javafx-sdk-17.0.12\bin\api-ms-win-core-console-l1-2-0.dll
0x000001b6515a0000 - 0x000001b6515a3000 	C:\Users\tga\Downloads\xd_f371\javafx-sdk-17.0.12\bin\api-ms-win-core-datetime-l1-1-0.dll
0x000001b6515b0000 - 0x000001b6515b3000 	C:\Users\tga\Downloads\xd_f371\javafx-sdk-17.0.12\bin\api-ms-win-core-debug-l1-1-0.dll
0x000001b6515c0000 - 0x000001b6515c3000 	C:\Users\tga\Downloads\xd_f371\javafx-sdk-17.0.12\bin\api-ms-win-core-errorhandling-l1-1-0.dll
0x000001b6515d0000 - 0x000001b6515d4000 	C:\Users\tga\Downloads\xd_f371\javafx-sdk-17.0.12\bin\api-ms-win-core-file-l1-1-0.dll
0x000001b6515e0000 - 0x000001b6515e3000 	C:\Users\tga\Downloads\xd_f371\javafx-sdk-17.0.12\bin\api-ms-win-core-file-l1-2-0.dll
0x000001b6515f0000 - 0x000001b6515f3000 	C:\Users\tga\Downloads\xd_f371\javafx-sdk-17.0.12\bin\api-ms-win-core-file-l2-1-0.dll
0x000001b651600000 - 0x000001b651603000 	C:\Users\tga\Downloads\xd_f371\javafx-sdk-17.0.12\bin\api-ms-win-core-handle-l1-1-0.dll
0x000001b651610000 - 0x000001b651613000 	C:\Users\tga\Downloads\xd_f371\javafx-sdk-17.0.12\bin\api-ms-win-core-heap-l1-1-0.dll
0x000001b651620000 - 0x000001b651623000 	C:\Users\tga\Downloads\xd_f371\javafx-sdk-17.0.12\bin\api-ms-win-core-interlocked-l1-1-0.dll
0x000001b651630000 - 0x000001b651633000 	C:\Users\tga\Downloads\xd_f371\javafx-sdk-17.0.12\bin\api-ms-win-core-libraryloader-l1-1-0.dll
0x000001b651640000 - 0x000001b651643000 	C:\Users\tga\Downloads\xd_f371\javafx-sdk-17.0.12\bin\api-ms-win-core-localization-l1-2-0.dll
0x000001b671ed0000 - 0x000001b671ed3000 	C:\Users\tga\Downloads\xd_f371\javafx-sdk-17.0.12\bin\api-ms-win-core-memory-l1-1-0.dll
0x000001b671ee0000 - 0x000001b671ee3000 	C:\Users\tga\Downloads\xd_f371\javafx-sdk-17.0.12\bin\api-ms-win-core-namedpipe-l1-1-0.dll
0x000001b671ef0000 - 0x000001b671ef3000 	C:\Users\tga\Downloads\xd_f371\javafx-sdk-17.0.12\bin\api-ms-win-core-processenvironment-l1-1-0.dll
0x000001b671f00000 - 0x000001b671f03000 	C:\Users\tga\Downloads\xd_f371\javafx-sdk-17.0.12\bin\api-ms-win-core-processthreads-l1-1-0.dll
0x000001b671f10000 - 0x000001b671f13000 	C:\Users\tga\Downloads\xd_f371\javafx-sdk-17.0.12\bin\api-ms-win-core-processthreads-l1-1-1.dll
0x000001b671f20000 - 0x000001b671f23000 	C:\Users\tga\Downloads\xd_f371\javafx-sdk-17.0.12\bin\api-ms-win-core-profile-l1-1-0.dll
0x000001b671f30000 - 0x000001b671f33000 	C:\Users\tga\Downloads\xd_f371\javafx-sdk-17.0.12\bin\api-ms-win-core-rtlsupport-l1-1-0.dll
0x000001b671f40000 - 0x000001b671f43000 	C:\Users\tga\Downloads\xd_f371\javafx-sdk-17.0.12\bin\api-ms-win-core-string-l1-1-0.dll
0x000001b671f50000 - 0x000001b671f53000 	C:\Users\tga\Downloads\xd_f371\javafx-sdk-17.0.12\bin\api-ms-win-core-synch-l1-1-0.dll
0x000001b671f60000 - 0x000001b671f63000 	C:\Users\tga\Downloads\xd_f371\javafx-sdk-17.0.12\bin\api-ms-win-core-synch-l1-2-0.dll
0x000001b671f70000 - 0x000001b671f73000 	C:\Users\tga\Downloads\xd_f371\javafx-sdk-17.0.12\bin\api-ms-win-core-sysinfo-l1-1-0.dll
0x000001b671f80000 - 0x000001b671f83000 	C:\Users\tga\Downloads\xd_f371\javafx-sdk-17.0.12\bin\api-ms-win-core-timezone-l1-1-0.dll
0x000001b671f90000 - 0x000001b671f93000 	C:\Users\tga\Downloads\xd_f371\javafx-sdk-17.0.12\bin\api-ms-win-core-util-l1-1-0.dll
0x000001b671fa0000 - 0x000001b671fa3000 	C:\Users\tga\Downloads\xd_f371\javafx-sdk-17.0.12\bin\api-ms-win-crt-conio-l1-1-0.dll
0x000001b671fb0000 - 0x000001b671fb4000 	C:\Users\tga\Downloads\xd_f371\javafx-sdk-17.0.12\bin\api-ms-win-crt-convert-l1-1-0.dll
0x000001b671fc0000 - 0x000001b671fc3000 	C:\Users\tga\Downloads\xd_f371\javafx-sdk-17.0.12\bin\api-ms-win-crt-environment-l1-1-0.dll
0x000001b671fd0000 - 0x000001b671fd3000 	C:\Users\tga\Downloads\xd_f371\javafx-sdk-17.0.12\bin\api-ms-win-crt-filesystem-l1-1-0.dll
0x000001b671fe0000 - 0x000001b671fe3000 	C:\Users\tga\Downloads\xd_f371\javafx-sdk-17.0.12\bin\api-ms-win-crt-heap-l1-1-0.dll
0x000001b671ff0000 - 0x000001b671ff3000 	C:\Users\tga\Downloads\xd_f371\javafx-sdk-17.0.12\bin\api-ms-win-crt-locale-l1-1-0.dll
0x000001b676c00000 - 0x000001b676c05000 	C:\Users\tga\Downloads\xd_f371\javafx-sdk-17.0.12\bin\api-ms-win-crt-math-l1-1-0.dll
0x000001b676c10000 - 0x000001b676c15000 	C:\Users\tga\Downloads\xd_f371\javafx-sdk-17.0.12\bin\api-ms-win-crt-multibyte-l1-1-0.dll
0x000001b676c20000 - 0x000001b676c30000 	C:\Users\tga\Downloads\xd_f371\javafx-sdk-17.0.12\bin\api-ms-win-crt-private-l1-1-0.dll
0x000001b676c30000 - 0x000001b676c33000 	C:\Users\tga\Downloads\xd_f371\javafx-sdk-17.0.12\bin\api-ms-win-crt-process-l1-1-0.dll
0x000001b676c40000 - 0x000001b676c44000 	C:\Users\tga\Downloads\xd_f371\javafx-sdk-17.0.12\bin\api-ms-win-crt-runtime-l1-1-0.dll
0x000001b676c50000 - 0x000001b676c54000 	C:\Users\tga\Downloads\xd_f371\javafx-sdk-17.0.12\bin\api-ms-win-crt-stdio-l1-1-0.dll
0x000001b676c60000 - 0x000001b676c64000 	C:\Users\tga\Downloads\xd_f371\javafx-sdk-17.0.12\bin\api-ms-win-crt-string-l1-1-0.dll
0x000001b676c70000 - 0x000001b676c73000 	C:\Users\tga\Downloads\xd_f371\javafx-sdk-17.0.12\bin\api-ms-win-crt-time-l1-1-0.dll
0x000001b676c80000 - 0x000001b676c83000 	C:\Users\tga\Downloads\xd_f371\javafx-sdk-17.0.12\bin\api-ms-win-crt-utility-l1-1-0.dll
0x00007ff8366a0000 - 0x00007ff83679c000 	C:\Users\tga\Downloads\xd_f371\javafx-sdk-17.0.12\bin\ucrtbase.dll
0x00007ff8919e0000 - 0x00007ff8919fb000 	C:\Users\tga\Downloads\xd_f371\javafx-sdk-17.0.12\bin\vcruntime140.dll
0x00007ff892230000 - 0x00007ff89223c000 	C:\Users\tga\Downloads\xd_f371\javafx-sdk-17.0.12\bin\vcruntime140_1.dll
0x00007ff878460000 - 0x00007ff8784ee000 	C:\Users\tga\Downloads\xd_f371\javafx-sdk-17.0.12\bin\msvcp140.dll
0x00007ff89a580000 - 0x00007ff89a6ab000 	C:\WINDOWS\System32\ole32.dll
0x00007ff88fd80000 - 0x00007ff88fd89000 	C:\Users\tga\Downloads\xd_f371\javafx-sdk-17.0.12\bin\msvcp140_1.dll
0x00007ff879f70000 - 0x00007ff879f9f000 	C:\Users\tga\Downloads\xd_f371\javafx-sdk-17.0.12\bin\msvcp140_2.dll
0x00007ff879ed0000 - 0x00007ff879efa000 	C:\Users\tga\Downloads\xd_f371\javafx-sdk-17.0.12\bin\prism_d3d.dll
0x00007ff857cc0000 - 0x00007ff857e91000 	C:\WINDOWS\system32\d3d9.dll
0x00007ff8974f0000 - 0x00007ff89751f000 	C:\WINDOWS\SYSTEM32\dwmapi.dll
0x00007ff8971e0000 - 0x00007ff89727e000 	C:\WINDOWS\system32\uxtheme.dll
0x00007ff899d70000 - 0x00007ff899dbe000 	C:\WINDOWS\System32\cfgmgr32.dll
0x00007ff877e40000 - 0x00007ff877e82000 	C:\Users\tga\Downloads\xd_f371\javafx-sdk-17.0.12\bin\glass.dll
0x00007ff89bc20000 - 0x00007ff89bcfa000 	C:\WINDOWS\System32\COMDLG32.dll
0x00007ff89ae00000 - 0x00007ff89af15000 	C:\WINDOWS\System32\MSCTF.dll
0x00007ff88c010000 - 0x00007ff88c04b000 	C:\WINDOWS\SYSTEM32\dxcore.dll
0x00007ff899590000 - 0x00007ff8995a8000 	C:\WINDOWS\SYSTEM32\CRYPTSP.dll
0x00007ff898c40000 - 0x00007ff898c74000 	C:\WINDOWS\system32\rsaenh.dll
0x00007ff899af0000 - 0x00007ff899b1e000 	C:\WINDOWS\SYSTEM32\USERENV.dll
0x00007ff899580000 - 0x00007ff89958c000 	C:\WINDOWS\SYSTEM32\CRYPTBASE.dll
0x00007ff89ab80000 - 0x00007ff89ab88000 	C:\WINDOWS\System32\NSI.dll
0x00007ff892130000 - 0x00007ff892147000 	C:\WINDOWS\SYSTEM32\dhcpcsvc6.DLL
0x00007ff893080000 - 0x00007ff89309d000 	C:\WINDOWS\SYSTEM32\dhcpcsvc.DLL
0x00007ff899060000 - 0x00007ff89912a000 	C:\WINDOWS\SYSTEM32\DNSAPI.dll
0x00007ff87b820000 - 0x00007ff87b830000 	C:\Program Files\Java\jdk-17\bin\verify.dll
0x00007ff8967e0000 - 0x00007ff8967ea000 	C:\Program Files\Java\jdk-17\bin\management.dll
0x00007ff894240000 - 0x00007ff89424b000 	C:\Program Files\Java\jdk-17\bin\management_ext.dll
0x00007ff892240000 - 0x00007ff892255000 	C:\Users\tga\Downloads\xd_f371\javafx-sdk-17.0.12\bin\javafx_font.dll
0x00007ff87ef30000 - 0x00007ff87f1af000 	C:\WINDOWS\SYSTEM32\dwrite.dll
0x00007ff89c410000 - 0x00007ff89c4b9000 	C:\WINDOWS\System32\clbcatq.dll
0x00007ff896e00000 - 0x00007ff896fb4000 	C:\WINDOWS\SYSTEM32\WindowsCodecs.dll
0x00007ff870480000 - 0x00007ff8704be000 	C:\WINDOWS\system32\dataexchange.dll
0x00007ff8945f0000 - 0x00007ff894853000 	C:\WINDOWS\system32\d3d11.dll
0x00007ff895b20000 - 0x00007ff895d04000 	C:\WINDOWS\system32\dcomp.dll
0x00007ff8985b0000 - 0x00007ff8986a6000 	C:\WINDOWS\system32\dxgi.dll
0x00007ff890bb0000 - 0x00007ff890db3000 	C:\WINDOWS\system32\twinapi.appcore.dll

dbghelp: loaded successfully - version: 4.0.5 - missing functions: none
symbol engine: initialized successfully - sym options: 0x614 - pdb path: .;C:\Program Files\Java\jdk-17\bin;C:\WINDOWS\SYSTEM32;C:\WINDOWS\WinSxS\amd64_microsoft.windows.common-controls_6595b64144ccf1df_6.0.19041.4355_none_60b8b9eb71f62e16;C:\Program Files\Java\jdk-17\bin\server;C:\Users\tga\Downloads\xd_f371\javafx-sdk-17.0.12\bin;C:\WINDOWS\System32\DriverStore\FileRepository\iigd_dch.inf_amd64_4de65d949492707a;C:\Program Files\Common Files\Microsoft Shared\Ink

VM Arguments:
jvm_args: -agentlib:jdwp=transport=dt_socket,address=127.0.0.1:56411,suspend=y,server=n --add-exports=javafx.base/com.sun.javafx.event=ALL-UNNAMED --module-path=javafx-sdk-17.0.12\lib --add-modules=javafx.controls,javafx.fxml -javaagent:C:\Users\tga\AppData\Local\JetBrains\IdeaIC2024.2\captureAgent\debugger-agent.jar -Dkotlinx.coroutines.debug.enable.creation.stack.trace=false -Ddebugger.agent.enable.coroutines=true -Dfile.encoding=UTF-8 
java_command: com.xdf.xd_f371.MainApplicationApp
java_class_path (initial): C:\Users\tga\Downloads\xd_f371\target\classes;C:\Users\tga\.m2\repository\org\springframework\boot\spring-boot-starter-actuator\3.2.11\spring-boot-starter-actuator-3.2.11.jar;C:\Users\tga\.m2\repository\org\springframework\boot\spring-boot-starter\3.2.11\spring-boot-starter-3.2.11.jar;C:\Users\tga\.m2\repository\org\springframework\boot\spring-boot-starter-logging\3.2.11\spring-boot-starter-logging-3.2.11.jar;C:\Users\tga\.m2\repository\ch\qos\logback\logback-classic\1.4.14\logback-classic-1.4.14.jar;C:\Users\tga\.m2\repository\ch\qos\logback\logback-core\1.4.14\logback-core-1.4.14.jar;C:\Users\tga\.m2\repository\org\apache\logging\log4j\log4j-to-slf4j\2.21.1\log4j-to-slf4j-2.21.1.jar;C:\Users\tga\.m2\repository\org\slf4j\jul-to-slf4j\2.0.16\jul-to-slf4j-2.0.16.jar;C:\Users\tga\.m2\repository\jakarta\annotation\jakarta.annotation-api\2.1.1\jakarta.annotation-api-2.1.1.jar;C:\Users\tga\.m2\repository\org\springframework\spring-core\6.1.14\spring-core-6.1.14.jar;C:\Users\tga\.m2\repository\org\springframework\spring-jcl\6.1.14\spring-jcl-6.1.14.jar;C:\Users\tga\.m2\repository\org\yaml\snakeyaml\2.2\snakeyaml-2.2.jar;C:\Users\tga\.m2\repository\org\springframework\boot\spring-boot-actuator-autoconfigure\3.2.11\spring-boot-actuator-autoconfigure-3.2.11.jar;C:\Users\tga\.m2\repository\org\springframework\boot\spring-boot-actuator\3.2.11\spring-boot-actuator-3.2.11.jar;C:\Users\tga\.m2\repository\com\fasterxml\jackson\core\jackson-databind\2.15.4\jackson-databind-2.15.4.jar;C:\Users\tga\.m2\repository\com\fasterxml\jackson\core\jackson-annotations\2.15.4\jackson-annotations-2.15.4.jar;C:\Users\tga\.m2\repository\com\fasterxml\jackson\core\jackson-core\2.15.4\jackson-core-2.15.4.jar;C:\Users\tga\.m2\repository\com\fasterxml\jackson\datatype\jackson-datatype-jsr310\2.15.4\jackson-datatype-jsr310-2.15.4.jar;C:\Users\tga\.m2\repository\io\micrometer\micrometer-observation\1.12.11\micrometer-observation-1.12.11.jar;C:\Users\tga\.m2\repository\io\mi
Launcher Type: SUN_STANDARD

[Global flags]
     intx CICompilerCount                          = 4                                         {product} {ergonomic}
     uint ConcGCThreads                            = 2                                         {product} {ergonomic}
     uint G1ConcRefinementThreads                  = 8                                         {product} {ergonomic}
   size_t G1HeapRegionSize                         = 2097152                                   {product} {ergonomic}
    uintx GCDrainStackTargetSize                   = 64                                        {product} {ergonomic}
   size_t InitialHeapSize                          = 199229440                                 {product} {ergonomic}
   size_t MarkStackSize                            = 4194304                                   {product} {ergonomic}
   size_t MaxHeapSize                              = 3187671040                                {product} {ergonomic}
   size_t MaxNewSize                               = 1912602624                                {product} {ergonomic}
   size_t MinHeapDeltaBytes                        = 2097152                                   {product} {ergonomic}
   size_t MinHeapSize                              = 8388608                                   {product} {ergonomic}
    uintx NonNMethodCodeHeapSize                   = 5839372                                {pd product} {ergonomic}
    uintx NonProfiledCodeHeapSize                  = 122909434                              {pd product} {ergonomic}
    uintx ProfiledCodeHeapSize                     = 122909434                              {pd product} {ergonomic}
    uintx ReservedCodeCacheSize                    = 251658240                              {pd product} {ergonomic}
     bool SegmentedCodeCache                       = true                                      {product} {ergonomic}
   size_t SoftMaxHeapSize                          = 3187671040                             {manageable} {ergonomic}
     bool UseCompressedClassPointers               = true                           {product lp64_product} {ergonomic}
     bool UseCompressedOops                        = true                           {product lp64_product} {ergonomic}
     bool UseG1GC                                  = true                                      {product} {ergonomic}
     bool UseLargePagesIndividualAllocation        = false                                  {pd product} {ergonomic}

Logging:
Log output configuration:
 #0: stdout all=off uptime,level,tags
 #1: stderr all=off uptime,level,tags

Environment Variables:
PATH=C:\Program Files\Common Files\Oracle\Java\javapath;C:\Program Files (x86)\Common Files\Oracle\Java\java8path;C:\Program Files (x86)\Common Files\Oracle\Java\javapath;C:\WINDOWS\system32;C:\WINDOWS;C:\WINDOWS\System32\Wbem;C:\WINDOWS\System32\WindowsPowerShell\v1.0\;C:\WINDOWS\System32\OpenSSH\;C:\Program Files\PostgreSQL\14\bin;C:\Program Files\Git\cmd;C:\Program Files\Java\jre1.8.0_431\bin;C:\Program Files\Java\jdk-17\bin;C:\Program Files\Java\jdk-17;C:\Users\tga\AppData\Local\Programs\Python\Python313\Scripts\;C:\Users\tga\AppData\Local\Programs\Python\Python313\;C:\Users\tga\AppData\Local\Microsoft\WindowsApps;C:\Program Files\JetBrains\IntelliJ IDEA Community Edition 2024.2.3\bin;;C:\Program Files\PostgreSQL\14\bin;C:\Users\tga\Downloads\xd_mn-main\src\main\resources\com\agasa\xd_f371_v0_0_1\databases\sqlitetool;C:\Users\tga\Downloads\jaspersoftstudio;C:\Program Files\Java\jre1.8.0_431\bin;C:\Program Files\Java\jdk-17\bin;C:\Program Files\Java\jdk-17;C:\Users\tga\AppData\Local\Programs\Microsoft VS Code\bin
USERNAME=tga
OS=Windows_NT
PROCESSOR_IDENTIFIER=Intel64 Family 6 Model 142 Stepping 10, GenuineIntel



---------------  S Y S T E M  ---------------

OS:
 Windows 10 , 64 bit Build 19041 (10.0.19041.5198)
OS uptime: 0 days 6:11 hours

CPU: total 8 (initial active 8) (4 cores per cpu, 2 threads per core) family 6 model 142 stepping 10 microcode 0xb4, cx8, cmov, fxsr, ht, mmx, 3dnowpref, sse, sse2, sse3, ssse3, sse4.1, sse4.2, popcnt, lzcnt, tsc, tscinvbit, avx, avx2, aes, erms, clmul, bmi1, bmi2, adx, fma, vzeroupper, clflush, clflushopt

Memory: 4k page, system-wide physical 12153M (4613M free)
TotalPageFile size 15993M (AvailPageFile size 6197M)
current process WorkingSet (physical memory assigned to process): 660M, peak: 685M
current process commit charge ("private bytes"): 693M, peak: 716M

vm_info: Java HotSpot(TM) 64-Bit Server VM (17.0.11+7-LTS-207) for windows-amd64 JRE (17.0.11+7-LTS-207), built on Mar 11 2024 19:01:50 by "mach5one" with MS VC++ 17.6 (VS2022)

END.
