

Version:	3.9
CmdLine:	C:\Users\tga\Documents\release_1112\XDF_371.exe --l4j-debug
WOW64:		yes
Working dir:	C:\Users\tga\Documents\release_1112\.
Bundled JRE:	jre
Check launcher:	C:\Users\tga\Documents\release_1112\jre\bin\javaw.exe (OK)
Launcher:	C:\Users\tga\Documents\release_1112\jre\bin\javaw.exe
Launcher args:	-jar "C:\Users\tga\Documents\release_1112\XDF_371.exe"
Args length:	54/32768 chars
Exit code:	0


Version:	3.9
CmdLine:	C:\Users\tga\Documents\release_1112\XDF_371.exe --l4j-debug
WOW64:		yes
Working dir:	C:\Users\tga\Documents\release_1112\.
Bundled JRE:	jre2
Check launcher:	C:\Users\tga\Documents\release_1112\jre2\bin\javaw.exe (OK)
Launcher:	C:\Users\tga\Documents\release_1112\jre2\bin\javaw.exe
Launcher args:	-jar "C:\Users\tga\Documents\release_1112\XDF_371.exe"
Args length:	54/32768 chars
Exit code:	0


Version:	3.9
CmdLine:	C:\Users\tga\Documents\release_1112\XDF_371.exe --l4j-debug
WOW64:		yes
Working dir:	C:\Users\tga\Documents\release_1112\.
Bundled JRE:	jre2
Check launcher:	C:\Users\tga\Documents\release_1112\jre2\bin\javaw.exe (OK)
Launcher:	C:\Users\tga\Documents\release_1112\jre2\bin\javaw.exe
Launcher args:	-jar "C:\Users\tga\Documents\release_1112\XDF_371.exe"
Args length:	54/32768 chars
Exit code:	0


Version:	3.9
CmdLine:	C:\Users\tga\Documents\release_1112\XDF_371.exe --l4j-debug
WOW64:		yes
Working dir:	C:\Users\tga\Documents\release_1112\.
Bundled JRE:	JRE
Check launcher:	C:\Users\tga\Documents\release_1112\JRE\bin\javaw.exe (OK)
Launcher:	C:\Users\tga\Documents\release_1112\JRE\bin\javaw.exe
Launcher args:	-jar "C:\Users\tga\Documents\release_1112\XDF_371.exe"
Args length:	54/32768 chars
Exit code:	1, restarting the application!
Exit code:	1, restarting the application!
Exit code:	1, restarting the application!
Exit code:	1, restarting the application!
Exit code:	1, restarting the application!
Exit code:	1, restarting the application!
Exit code:	1, restarting the application!
Exit code:	1, restarting the application!
Exit code:	1, restarting the application!
Exit code:	1, restarting the application!
Exit code:	1, restarting the application!
Exit code:	1, restarting the application!
Exit code:	1, restarting the application!
Exit code:	1, restarting the application!
Exit code:	1, restarting the application!
Exit code:	1, restarting the application!
Exit code:	1, restarting the application!
Exit code:	1, restarting the application!
Exit code:	1, restarting the application!
Exit code:	1, restarting the application!
Exit code:	1, restarting the application!
Exit code:	1, restarting the application!
Exit code:	1, restarting the application!
Exit code:	1, restarting the application!
Exit code:	1, restarting the application!
Exit code:	1, restarting the application!
Exit code:	1, restarting the application!
Exit code:	1, restarting the application!
Exit code:	1, restarting the application!
Exit code:	1, restarting the application!
Exit code:	1, restarting the application!
Exit code:	1, restarting the application!
Exit code:	1, restarting the application!
Exit code:	1, restarting the application!
Exit code:	1, restarting the application!
Exit code:	1, restarting the application!
Exit code:	1, restarting the application!
Exit code:	1, restarting the application!
Exit code:	1, restarting the application!
Exit code:	1, restarting the application!
Exit code:	1, restarting the application!
Exit code:	1, restarting the application!
Exit code:	1, restarting the application!
Exit code:	1, restarting the application!
Exit code:	1, restarting the application!
Exit code:	1, restarting the application!
Exit code:	1, restarting the application!
Exit code:	1, restarting the application!
Exit code:	1, restarting the application!
Exit code:	1, restarting the application!
Exit code:	1, restarting the application!
Exit code:	1, restarting the application!
Exit code:	1, restarting the application!
Exit code:	1, restarting the application!
Exit code:	1, restarting the application!
Exit code:	1, restarting the application!
Exit code:	1, restarting the application!
Exit code:	1, restarting the application!
Exit code:	1, restarting the application!
Exit code:	1, restarting the application!
Exit code:	1, restarting the application!
Exit code:	1, restarting the application!
Exit code:	1, restarting the application!
Exit code:	1, restarting the application!
Exit code:	1, restarting the application!
Exit code:	1, restarting the application!
Exit code:	1, restarting the application!
Exit code:	1, restarting the application!
Exit code:	1, restarting the application!
Exit code:	1, restarting the application!
Exit code:	1, restarting the application!
Exit code:	1, restarting the application!
Exit code:	1, restarting the application!
Exit code:	1, restarting the application!
Exit code:	1, restarting the application!
Exit code:	1, restarting the application!
Exit code:	1, restarting the application!
Exit code:	1, restarting the application!
Exit code:	1, restarting the application!
Exit code:	1, restarting the application!
Exit code:	1, restarting the application!
Exit code:	1, restarting the application!
Exit code:	1, restarting the application!
Exit code:	1, restarting the application!
Exit code:	1, restarting the application!
Exit code:	1, restarting the application!
Exit code:	1, restarting the application!
Exit code:	1, restarting the application!

Version:	3.9
CmdLine:	C:\Users\tga\Documents\release_1112\XDF_371.exe --l4j-debug
WOW64:		yes
Working dir:	C:\Users\tga\Documents\release_1112\.
Bundled JRE:	JRE
Check launcher:	C:\Users\tga\Documents\release_1112\JRE\bin\javaw.exe (OK)
Launcher:	C:\Users\tga\Documents\release_1112\JRE\bin\javaw.exe
Launcher args:	-jar "C:\Users\tga\Documents\release_1112\XDF_371.exe"
Args length:	54/32768 chars
Exit code:	0


Version:	3.9
CmdLine:	C:\Users\tga\Documents\release_1112\XDF_371.exe --l4j-debug
WOW64:		yes
Working dir:	C:\Users\tga\Documents\release_1112\.
Bundled JRE:	JRE
Check launcher:	C:\Users\tga\Documents\release_1112\JRE\bin\javaw.exe (OK)
Launcher:	C:\Users\tga\Documents\release_1112\JRE\bin\javaw.exe
Launcher args:	-jar "C:\Users\tga\Documents\release_1112\XDF_371.exe"
Args length:	54/32768 chars
Exit code:	0


Version:	3.9
CmdLine:	C:\Users\tga\Documents\release_1112\XDF_371.exe --l4j-debug
WOW64:		yes
Working dir:	C:\Users\tga\Documents\release_1112\.
Bundled JRE:	jdk
Check launcher:	C:\Users\tga\Documents\release_1112\jdk\bin\javaw.exe (OK)
Launcher:	C:\Users\tga\Documents\release_1112\jdk\bin\javaw.exe
Launcher args:	-jar "C:\Users\tga\Documents\release_1112\XDF_371.exe"
Args length:	54/32768 chars
Exit code:	0


Version:	3.9
CmdLine:	C:\Users\tga\Documents\release_1112\XDF_371.exe --l4j-debug
WOW64:		yes
Working dir:	C:\Users\tga\Documents\release_1112\.
Bundled JRE:	jre2
Check launcher:	C:\Users\tga\Documents\release_1112\jre2\bin\javaw.exe (OK)
Launcher:	C:\Users\tga\Documents\release_1112\jre2\bin\javaw.exe
Launcher args:	-jar "C:\Users\tga\Documents\release_1112\XDF_371.exe"
Args length:	54/32768 chars
Exit code:	0
